#
# There is insufficient memory for the Java Runtime Environment to continue.
# Native memory allocation (malloc) failed to allocate 387056 bytes for Chunk::new
# Possible reasons:
#   The system is out of physical RAM or swap space
#   The process is running with CompressedOops enabled, and the Java Heap may be blocking the growth of the native heap
# Possible solutions:
#   Reduce memory load on the system
#   Increase physical memory or swap space
#   Check if swap backing store is full
#   Decrease Java heap size (-Xmx/-Xms)
#   Decrease number of Java threads
#   Decrease Java thread stack sizes (-Xss)
#   Set larger code cache with -XX:ReservedCodeCacheSize=
#   JVM is running with Zero Based Compressed Oops mode in which the Java heap is
#     placed in the first 32GB address space. The Java Heap base address is the
#     maximum limit for the native heap growth. Please use -XX:HeapBaseMinAddress
#     to set the Java Heap base and to place the Java Heap above 32GB virtual address.
# This output file may be truncated or incomplete.
#
#  Out of Memory Error (./open/src/hotspot/share/memory/arena.cpp:195), pid=82688, tid=17548
#
# JRE version: Java(TM) SE Runtime Environment (14.0.2+12) (build 14.0.2+12-46)
# Java VM: Java HotSpot(TM) 64-Bit Server VM (14.0.2+12-46, mixed mode, sharing, tiered, compressed oops, g1 gc, windows-amd64)
# No core dump will be written. Minidumps are not enabled by default on client versions of Windows
#

---------------  S U M M A R Y ------------

Command Line: -Dfile.encoding=Cp1252 Css

Host: Intel(R) Core(TM) i7-6600U CPU @ 2.60GHz, 4 cores, 15G,  Windows 10 , 64 bit Build 17763 (10.0.17763.1158)
Time: Thu Oct  8 11:53:49 2020 Central Daylight Time elapsed time: 4 seconds (0d 0h 0m 4s)

---------------  T H R E A D  ---------------

Current thread (0x000002c8243b7800):  JavaThread "C2 CompilerThread0" daemon [_thread_in_native, id=17548, stack(0x000000f751f00000,0x000000f752000000)]


Current CompileTask:
C2:   4708 1552   !   4       java.util.concurrent.ConcurrentHashMap::transfer (849 bytes)

Stack: [0x000000f751f00000,0x000000f752000000]
Native frames: (J=compiled Java code, j=interpreted, Vv=VM code, C=native code)
V  [jvm.dll+0x5f8a9a]
V  [jvm.dll+0x74247a]
V  [jvm.dll+0x743c2f]
V  [jvm.dll+0x744273]
V  [jvm.dll+0x20d288]
V  [jvm.dll+0xabb07]
V  [jvm.dll+0xac1fc]
V  [jvm.dll+0x31c438]
V  [jvm.dll+0x2e6b38]
V  [jvm.dll+0x2e5f3a]
V  [jvm.dll+0x1e5e16]
V  [jvm.dll+0x1e50b8]
V  [jvm.dll+0x1779cc]
V  [jvm.dll+0x1f4105]
V  [jvm.dll+0x1f22eb]
V  [jvm.dll+0x7070cd]
V  [jvm.dll+0x6ffeda]
V  [jvm.dll+0x5f78f6]
C  [ucrtbase.dll+0x21ffa]
C  [KERNEL32.DLL+0x17974]
C  [ntdll.dll+0x6a271]


---------------  P R O C E S S  ---------------

Threads class SMR info:
_java_thread_list=0x000002c825855fc0, length=21, elements={
0x000002c879668800, 0x000002c823b0c800, 0x000002c823b0e000, 0x000002c8243ae000,
0x000002c8243b1000, 0x000002c8243b2000, 0x000002c8243b7800, 0x000002c8243c1000,
0x000002c8243cc000, 0x000002c824513800, 0x000002c824519800, 0x000002c824f1b800,
0x000002c8253d5000, 0x000002c8256bf000, 0x000002c82572a800, 0x000002c825772800,
0x000002c825761000, 0x000002c8256d6800, 0x000002c8256d7800, 0x000002c8257d9000,
0x000002c8257d7000
}

Java Threads: ( => current thread )
  0x000002c879668800 JavaThread "Forwarding get on session 36a2844bcb7923c87bdc16ea46013ded to remote" [_thread_blocked, id=22236, stack(0x000000f751300000,0x000000f751400000)]
  0x000002c823b0c800 JavaThread "Reference Handler" daemon [_thread_blocked, id=86032, stack(0x000000f751a00000,0x000000f751b00000)]
  0x000002c823b0e000 JavaThread "Finalizer" daemon [_thread_blocked, id=2720, stack(0x000000f751b00000,0x000000f751c00000)]
  0x000002c8243ae000 JavaThread "Signal Dispatcher" daemon [_thread_blocked, id=53364, stack(0x000000f751c00000,0x000000f751d00000)]
  0x000002c8243b1000 JavaThread "Attach Listener" daemon [_thread_blocked, id=87480, stack(0x000000f751d00000,0x000000f751e00000)]
  0x000002c8243b2000 JavaThread "Service Thread" daemon [_thread_blocked, id=22952, stack(0x000000f751e00000,0x000000f751f00000)]
=>0x000002c8243b7800 JavaThread "C2 CompilerThread0" daemon [_thread_in_native, id=17548, stack(0x000000f751f00000,0x000000f752000000)]
  0x000002c8243c1000 JavaThread "C1 CompilerThread0" daemon [_thread_blocked, id=32364, stack(0x000000f752000000,0x000000f752100000)]
  0x000002c8243cc000 JavaThread "Sweeper thread" daemon [_thread_blocked, id=87596, stack(0x000000f752100000,0x000000f752200000)]
  0x000002c824513800 JavaThread "Notification Thread" daemon [_thread_blocked, id=77560, stack(0x000000f752200000,0x000000f752300000)]
  0x000002c824519800 JavaThread "Common-Cleaner" daemon [_thread_blocked, id=48884, stack(0x000000f752400000,0x000000f752500000)]
  0x000002c824f1b800 JavaThread "ForkJoinPool.commonPool-worker-3" daemon [_thread_blocked, id=74600, stack(0x000000f752800000,0x000000f752900000)]
  0x000002c8253d5000 JavaThread "AsyncHttpClient-timer-1-1" [_thread_blocked, id=36392, stack(0x000000f752a00000,0x000000f752b00000)]
  0x000002c8256bf000 JavaThread "Exec Default Executor" daemon [_thread_in_native, id=33572, stack(0x000000f752900000,0x000000f752a00000)]
  0x000002c82572a800 JavaThread "ForkJoinPool.commonPool-worker-5" daemon [_thread_blocked, id=47876, stack(0x000000f752b00000,0x000000f752c00000)]
  0x000002c825772800 JavaThread "UrlChecker-2" daemon [_thread_blocked, id=58968, stack(0x000000f752c00000,0x000000f752d00000)]
  0x000002c825761000 JavaThread "Exec Stream Pumper" daemon [_thread_in_native, id=9960, stack(0x000000f752e00000,0x000000f752f00000)]
  0x000002c8256d6800 JavaThread "Exec Stream Pumper" daemon [_thread_in_native, id=48876, stack(0x000000f752f00000,0x000000f753000000)]
  0x000002c8256d7800 JavaThread "Keep-Alive-Timer" daemon [_thread_blocked, id=88464, stack(0x000000f753000000,0x000000f753100000)]
  0x000002c8257d9000 JavaThread "AsyncHttpClient-3-1" [_thread_in_native, id=30772, stack(0x000000f753100000,0x000000f753200000)]
  0x000002c8257d7000 JavaThread "AsyncHttpClient-3-2" [_thread_in_native, id=46784, stack(0x000000f753200000,0x000000f753300000)]

Other Threads:
  0x000002c823b0a800 VMThread "VM Thread" [stack: 0x000000f751900000,0x000000f751a00000] [id=27792]
  0x000002c82451d000 WatcherThread [stack: 0x000000f752300000,0x000000f752400000] [id=77420]
  0x000002c8796d0000 GCTaskThread "GC Thread#0" [stack: 0x000000f751400000,0x000000f751500000] [id=92080]
  0x000002c824fc3800 GCTaskThread "GC Thread#1" [stack: 0x000000f752500000,0x000000f752600000] [id=2424]
  0x000002c824b53800 GCTaskThread "GC Thread#2" [stack: 0x000000f752600000,0x000000f752700000] [id=26212]
  0x000002c824c53800 GCTaskThread "GC Thread#3" [stack: 0x000000f752700000,0x000000f752800000] [id=58540]
  0x000002c8796f1000 ConcurrentGCThread "G1 Main Marker" [stack: 0x000000f751500000,0x000000f751600000] [id=5696]
  0x000002c8796f4000 ConcurrentGCThread "G1 Conc#0" [stack: 0x000000f751600000,0x000000f751700000] [id=88460]
  0x000002c8239f1800 ConcurrentGCThread "G1 Refine#0" [stack: 0x000000f751700000,0x000000f751800000] [id=69052]
  0x000002c8239f5000 ConcurrentGCThread "G1 Young RemSet Sampling" [stack: 0x000000f751800000,0x000000f751900000] [id=37556]

Threads with active compile tasks:
C2 CompilerThread0     4750 1552   !   4       java.util.concurrent.ConcurrentHashMap::transfer (849 bytes)

VM state:not at safepoint (normal execution)

VM Mutex/Monitor currently owned by a thread: None

Heap address: 0x0000000701e00000, size: 4066 MB, Compressed Oops mode: Zero based, Oop shift amount: 3
Narrow klass base: 0x0000000800000000, Narrow klass shift: 3
Compressed class space size: 1073741824 Address: 0x0000000800b30000

Heap:
 garbage-first heap   total 262144K, used 53467K [0x0000000701e00000, 0x0000000800000000)
  region size 1024K, 34 young (34816K), 4 survivors (4096K)
 Metaspace       used 17607K, capacity 18171K, committed 18304K, reserved 1064960K
  class space    used 2101K, capacity 2308K, committed 2432K, reserved 1048576K
Heap Regions: E=young(eden), S=young(survivor), O=old, HS=humongous(starts), HC=humongous(continues), CS=collection set, F=free, OA=open archive, CA=closed archive, TAMS=top-at-mark-start (previous, next)
|   0|0x0000000701e00000, 0x0000000701f00000, 0x0000000701f00000|100%| O|  |TAMS 0x0000000701e00000, 0x0000000701e00000| Untracked 
|   1|0x0000000701f00000, 0x0000000702000000, 0x0000000702000000|100%| O|  |TAMS 0x0000000701f00000, 0x0000000701f00000| Untracked 
|   2|0x0000000702000000, 0x00000007020d9400, 0x0000000702100000| 84%| O|  |TAMS 0x0000000702000000, 0x0000000702000000| Untracked 
|   3|0x0000000702100000, 0x0000000702200000, 0x0000000702200000|100%|HS|  |TAMS 0x0000000702100000, 0x0000000702100000| Complete 
|   4|0x0000000702200000, 0x0000000702300000, 0x0000000702300000|100%|HC|  |TAMS 0x0000000702200000, 0x0000000702200000| Complete 
|   5|0x0000000702300000, 0x0000000702400000, 0x0000000702400000|100%|HC|  |TAMS 0x0000000702300000, 0x0000000702300000| Complete 
|   6|0x0000000702400000, 0x0000000702500000, 0x0000000702500000|100%|HC|  |TAMS 0x0000000702400000, 0x0000000702400000| Complete 
|   7|0x0000000702500000, 0x0000000702600000, 0x0000000702600000|100%|HC|  |TAMS 0x0000000702500000, 0x0000000702500000| Complete 
|   8|0x0000000702600000, 0x0000000702700000, 0x0000000702700000|100%|HC|  |TAMS 0x0000000702600000, 0x0000000702600000| Complete 
|   9|0x0000000702700000, 0x0000000702800000, 0x0000000702800000|100%|HC|  |TAMS 0x0000000702700000, 0x0000000702700000| Complete 
|  10|0x0000000702800000, 0x0000000702900000, 0x0000000702900000|100%|HC|  |TAMS 0x0000000702800000, 0x0000000702800000| Complete 
|  11|0x0000000702900000, 0x0000000702a00000, 0x0000000702a00000|100%|HC|  |TAMS 0x0000000702900000, 0x0000000702900000| Complete 
|  12|0x0000000702a00000, 0x0000000702b00000, 0x0000000702b00000|100%|HC|  |TAMS 0x0000000702a00000, 0x0000000702a00000| Complete 
|  13|0x0000000702b00000, 0x0000000702c00000, 0x0000000702c00000|100%|HC|  |TAMS 0x0000000702b00000, 0x0000000702b00000| Complete 
|  14|0x0000000702c00000, 0x0000000702d00000, 0x0000000702d00000|100%|HC|  |TAMS 0x0000000702c00000, 0x0000000702c00000| Complete 
|  15|0x0000000702d00000, 0x0000000702e00000, 0x0000000702e00000|100%|HC|  |TAMS 0x0000000702d00000, 0x0000000702d00000| Complete 
|  16|0x0000000702e00000, 0x0000000702f00000, 0x0000000702f00000|100%|HC|  |TAMS 0x0000000702e00000, 0x0000000702e00000| Complete 
|  17|0x0000000702f00000, 0x0000000703000000, 0x0000000703000000|100%|HC|  |TAMS 0x0000000702f00000, 0x0000000702f00000| Complete 
|  18|0x0000000703000000, 0x0000000703100000, 0x0000000703100000|100%|HC|  |TAMS 0x0000000703000000, 0x0000000703000000| Complete 
|  19|0x0000000703100000, 0x0000000703200000, 0x0000000703200000|100%|HC|  |TAMS 0x0000000703100000, 0x0000000703100000| Complete 
|  20|0x0000000703200000, 0x0000000703200000, 0x0000000703300000|  0%| F|  |TAMS 0x0000000703200000, 0x0000000703200000| Untracked 
|  21|0x0000000703300000, 0x0000000703300000, 0x0000000703400000|  0%| F|  |TAMS 0x0000000703300000, 0x0000000703300000| Untracked 
|  22|0x0000000703400000, 0x0000000703400000, 0x0000000703500000|  0%| F|  |TAMS 0x0000000703400000, 0x0000000703400000| Untracked 
|  23|0x0000000703500000, 0x0000000703500000, 0x0000000703600000|  0%| F|  |TAMS 0x0000000703500000, 0x0000000703500000| Untracked 
|  24|0x0000000703600000, 0x0000000703600000, 0x0000000703700000|  0%| F|  |TAMS 0x0000000703600000, 0x0000000703600000| Untracked 
|  25|0x0000000703700000, 0x0000000703700000, 0x0000000703800000|  0%| F|  |TAMS 0x0000000703700000, 0x0000000703700000| Untracked 
|  26|0x0000000703800000, 0x0000000703800000, 0x0000000703900000|  0%| F|  |TAMS 0x0000000703800000, 0x0000000703800000| Untracked 
|  27|0x0000000703900000, 0x0000000703900000, 0x0000000703a00000|  0%| F|  |TAMS 0x0000000703900000, 0x0000000703900000| Untracked 
|  28|0x0000000703a00000, 0x0000000703a00000, 0x0000000703b00000|  0%| F|  |TAMS 0x0000000703a00000, 0x0000000703a00000| Untracked 
|  29|0x0000000703b00000, 0x0000000703b00000, 0x0000000703c00000|  0%| F|  |TAMS 0x0000000703b00000, 0x0000000703b00000| Untracked 
|  30|0x0000000703c00000, 0x0000000703c00000, 0x0000000703d00000|  0%| F|  |TAMS 0x0000000703c00000, 0x0000000703c00000| Untracked 
|  31|0x0000000703d00000, 0x0000000703d00000, 0x0000000703e00000|  0%| F|  |TAMS 0x0000000703d00000, 0x0000000703d00000| Untracked 
|  32|0x0000000703e00000, 0x0000000703e00000, 0x0000000703f00000|  0%| F|  |TAMS 0x0000000703e00000, 0x0000000703e00000| Untracked 
|  33|0x0000000703f00000, 0x0000000703f00000, 0x0000000704000000|  0%| F|  |TAMS 0x0000000703f00000, 0x0000000703f00000| Untracked 
|  34|0x0000000704000000, 0x0000000704000000, 0x0000000704100000|  0%| F|  |TAMS 0x0000000704000000, 0x0000000704000000| Untracked 
|  35|0x0000000704100000, 0x0000000704100000, 0x0000000704200000|  0%| F|  |TAMS 0x0000000704100000, 0x0000000704100000| Untracked 
|  36|0x0000000704200000, 0x0000000704200000, 0x0000000704300000|  0%| F|  |TAMS 0x0000000704200000, 0x0000000704200000| Untracked 
|  37|0x0000000704300000, 0x0000000704300000, 0x0000000704400000|  0%| F|  |TAMS 0x0000000704300000, 0x0000000704300000| Untracked 
|  38|0x0000000704400000, 0x0000000704400000, 0x0000000704500000|  0%| F|  |TAMS 0x0000000704400000, 0x0000000704400000| Untracked 
|  39|0x0000000704500000, 0x0000000704500000, 0x0000000704600000|  0%| F|  |TAMS 0x0000000704500000, 0x0000000704500000| Untracked 
|  40|0x0000000704600000, 0x0000000704600000, 0x0000000704700000|  0%| F|  |TAMS 0x0000000704600000, 0x0000000704600000| Untracked 
|  41|0x0000000704700000, 0x0000000704700000, 0x0000000704800000|  0%| F|  |TAMS 0x0000000704700000, 0x0000000704700000| Untracked 
|  42|0x0000000704800000, 0x0000000704800000, 0x0000000704900000|  0%| F|  |TAMS 0x0000000704800000, 0x0000000704800000| Untracked 
|  43|0x0000000704900000, 0x0000000704900000, 0x0000000704a00000|  0%| F|  |TAMS 0x0000000704900000, 0x0000000704900000| Untracked 
|  44|0x0000000704a00000, 0x0000000704a00000, 0x0000000704b00000|  0%| F|  |TAMS 0x0000000704a00000, 0x0000000704a00000| Untracked 
|  45|0x0000000704b00000, 0x0000000704b00000, 0x0000000704c00000|  0%| F|  |TAMS 0x0000000704b00000, 0x0000000704b00000| Untracked 
|  46|0x0000000704c00000, 0x0000000704c00000, 0x0000000704d00000|  0%| F|  |TAMS 0x0000000704c00000, 0x0000000704c00000| Untracked 
|  47|0x0000000704d00000, 0x0000000704d00000, 0x0000000704e00000|  0%| F|  |TAMS 0x0000000704d00000, 0x0000000704d00000| Untracked 
|  48|0x0000000704e00000, 0x0000000704e00000, 0x0000000704f00000|  0%| F|  |TAMS 0x0000000704e00000, 0x0000000704e00000| Untracked 
|  49|0x0000000704f00000, 0x0000000704f00000, 0x0000000705000000|  0%| F|  |TAMS 0x0000000704f00000, 0x0000000704f00000| Untracked 
|  50|0x0000000705000000, 0x0000000705000000, 0x0000000705100000|  0%| F|  |TAMS 0x0000000705000000, 0x0000000705000000| Untracked 
|  51|0x0000000705100000, 0x0000000705100000, 0x0000000705200000|  0%| F|  |TAMS 0x0000000705100000, 0x0000000705100000| Untracked 
|  52|0x0000000705200000, 0x0000000705200000, 0x0000000705300000|  0%| F|  |TAMS 0x0000000705200000, 0x0000000705200000| Untracked 
|  53|0x0000000705300000, 0x0000000705300000, 0x0000000705400000|  0%| F|  |TAMS 0x0000000705300000, 0x0000000705300000| Untracked 
|  54|0x0000000705400000, 0x0000000705400000, 0x0000000705500000|  0%| F|  |TAMS 0x0000000705400000, 0x0000000705400000| Untracked 
|  55|0x0000000705500000, 0x0000000705500000, 0x0000000705600000|  0%| F|  |TAMS 0x0000000705500000, 0x0000000705500000| Untracked 
|  56|0x0000000705600000, 0x0000000705600000, 0x0000000705700000|  0%| F|  |TAMS 0x0000000705600000, 0x0000000705600000| Untracked 
|  57|0x0000000705700000, 0x0000000705700000, 0x0000000705800000|  0%| F|  |TAMS 0x0000000705700000, 0x0000000705700000| Untracked 
|  58|0x0000000705800000, 0x0000000705800000, 0x0000000705900000|  0%| F|  |TAMS 0x0000000705800000, 0x0000000705800000| Untracked 
|  59|0x0000000705900000, 0x0000000705900000, 0x0000000705a00000|  0%| F|  |TAMS 0x0000000705900000, 0x0000000705900000| Untracked 
|  60|0x0000000705a00000, 0x0000000705a00000, 0x0000000705b00000|  0%| F|  |TAMS 0x0000000705a00000, 0x0000000705a00000| Untracked 
|  61|0x0000000705b00000, 0x0000000705b00000, 0x0000000705c00000|  0%| F|  |TAMS 0x0000000705b00000, 0x0000000705b00000| Untracked 
|  62|0x0000000705c00000, 0x0000000705c00000, 0x0000000705d00000|  0%| F|  |TAMS 0x0000000705c00000, 0x0000000705c00000| Untracked 
|  63|0x0000000705d00000, 0x0000000705d00000, 0x0000000705e00000|  0%| F|  |TAMS 0x0000000705d00000, 0x0000000705d00000| Untracked 
|  64|0x0000000705e00000, 0x0000000705e00000, 0x0000000705f00000|  0%| F|  |TAMS 0x0000000705e00000, 0x0000000705e00000| Untracked 
|  65|0x0000000705f00000, 0x0000000705f00000, 0x0000000706000000|  0%| F|  |TAMS 0x0000000705f00000, 0x0000000705f00000| Untracked 
|  66|0x0000000706000000, 0x0000000706000000, 0x0000000706100000|  0%| F|  |TAMS 0x0000000706000000, 0x0000000706000000| Untracked 
|  67|0x0000000706100000, 0x0000000706100000, 0x0000000706200000|  0%| F|  |TAMS 0x0000000706100000, 0x0000000706100000| Untracked 
|  68|0x0000000706200000, 0x0000000706200000, 0x0000000706300000|  0%| F|  |TAMS 0x0000000706200000, 0x0000000706200000| Untracked 
|  69|0x0000000706300000, 0x0000000706300000, 0x0000000706400000|  0%| F|  |TAMS 0x0000000706300000, 0x0000000706300000| Untracked 
|  70|0x0000000706400000, 0x0000000706400000, 0x0000000706500000|  0%| F|  |TAMS 0x0000000706400000, 0x0000000706400000| Untracked 
|  71|0x0000000706500000, 0x0000000706500000, 0x0000000706600000|  0%| F|  |TAMS 0x0000000706500000, 0x0000000706500000| Untracked 
|  72|0x0000000706600000, 0x0000000706600000, 0x0000000706700000|  0%| F|  |TAMS 0x0000000706600000, 0x0000000706600000| Untracked 
|  73|0x0000000706700000, 0x0000000706700000, 0x0000000706800000|  0%| F|  |TAMS 0x0000000706700000, 0x0000000706700000| Untracked 
|  74|0x0000000706800000, 0x0000000706800000, 0x0000000706900000|  0%| F|  |TAMS 0x0000000706800000, 0x0000000706800000| Untracked 
|  75|0x0000000706900000, 0x0000000706900000, 0x0000000706a00000|  0%| F|  |TAMS 0x0000000706900000, 0x0000000706900000| Untracked 
|  76|0x0000000706a00000, 0x0000000706a00000, 0x0000000706b00000|  0%| F|  |TAMS 0x0000000706a00000, 0x0000000706a00000| Untracked 
|  77|0x0000000706b00000, 0x0000000706b00000, 0x0000000706c00000|  0%| F|  |TAMS 0x0000000706b00000, 0x0000000706b00000| Untracked 
|  78|0x0000000706c00000, 0x0000000706c00000, 0x0000000706d00000|  0%| F|  |TAMS 0x0000000706c00000, 0x0000000706c00000| Untracked 
|  79|0x0000000706d00000, 0x0000000706d00000, 0x0000000706e00000|  0%| F|  |TAMS 0x0000000706d00000, 0x0000000706d00000| Untracked 
|  80|0x0000000706e00000, 0x0000000706e00000, 0x0000000706f00000|  0%| F|  |TAMS 0x0000000706e00000, 0x0000000706e00000| Untracked 
|  81|0x0000000706f00000, 0x0000000706f00000, 0x0000000707000000|  0%| F|  |TAMS 0x0000000706f00000, 0x0000000706f00000| Untracked 
|  82|0x0000000707000000, 0x0000000707000000, 0x0000000707100000|  0%| F|  |TAMS 0x0000000707000000, 0x0000000707000000| Untracked 
|  83|0x0000000707100000, 0x0000000707100000, 0x0000000707200000|  0%| F|  |TAMS 0x0000000707100000, 0x0000000707100000| Untracked 
|  84|0x0000000707200000, 0x0000000707200000, 0x0000000707300000|  0%| F|  |TAMS 0x0000000707200000, 0x0000000707200000| Untracked 
|  85|0x0000000707300000, 0x0000000707300000, 0x0000000707400000|  0%| F|  |TAMS 0x0000000707300000, 0x0000000707300000| Untracked 
|  86|0x0000000707400000, 0x0000000707400000, 0x0000000707500000|  0%| F|  |TAMS 0x0000000707400000, 0x0000000707400000| Untracked 
|  87|0x0000000707500000, 0x0000000707500000, 0x0000000707600000|  0%| F|  |TAMS 0x0000000707500000, 0x0000000707500000| Untracked 
|  88|0x0000000707600000, 0x0000000707600000, 0x0000000707700000|  0%| F|  |TAMS 0x0000000707600000, 0x0000000707600000| Untracked 
|  89|0x0000000707700000, 0x0000000707700000, 0x0000000707800000|  0%| F|  |TAMS 0x0000000707700000, 0x0000000707700000| Untracked 
|  90|0x0000000707800000, 0x0000000707800000, 0x0000000707900000|  0%| F|  |TAMS 0x0000000707800000, 0x0000000707800000| Untracked 
|  91|0x0000000707900000, 0x0000000707900000, 0x0000000707a00000|  0%| F|  |TAMS 0x0000000707900000, 0x0000000707900000| Untracked 
|  92|0x0000000707a00000, 0x0000000707a00000, 0x0000000707b00000|  0%| F|  |TAMS 0x0000000707a00000, 0x0000000707a00000| Untracked 
|  93|0x0000000707b00000, 0x0000000707b00000, 0x0000000707c00000|  0%| F|  |TAMS 0x0000000707b00000, 0x0000000707b00000| Untracked 
|  94|0x0000000707c00000, 0x0000000707c00000, 0x0000000707d00000|  0%| F|  |TAMS 0x0000000707c00000, 0x0000000707c00000| Untracked 
|  95|0x0000000707d00000, 0x0000000707d00000, 0x0000000707e00000|  0%| F|  |TAMS 0x0000000707d00000, 0x0000000707d00000| Untracked 
|  96|0x0000000707e00000, 0x0000000707e00000, 0x0000000707f00000|  0%| F|  |TAMS 0x0000000707e00000, 0x0000000707e00000| Untracked 
|  97|0x0000000707f00000, 0x0000000707f00000, 0x0000000708000000|  0%| F|  |TAMS 0x0000000707f00000, 0x0000000707f00000| Untracked 
|  98|0x0000000708000000, 0x0000000708000000, 0x0000000708100000|  0%| F|  |TAMS 0x0000000708000000, 0x0000000708000000| Untracked 
|  99|0x0000000708100000, 0x0000000708100000, 0x0000000708200000|  0%| F|  |TAMS 0x0000000708100000, 0x0000000708100000| Untracked 
| 100|0x0000000708200000, 0x0000000708200000, 0x0000000708300000|  0%| F|  |TAMS 0x0000000708200000, 0x0000000708200000| Untracked 
| 101|0x0000000708300000, 0x0000000708300000, 0x0000000708400000|  0%| F|  |TAMS 0x0000000708300000, 0x0000000708300000| Untracked 
| 102|0x0000000708400000, 0x0000000708400000, 0x0000000708500000|  0%| F|  |TAMS 0x0000000708400000, 0x0000000708400000| Untracked 
| 103|0x0000000708500000, 0x0000000708500000, 0x0000000708600000|  0%| F|  |TAMS 0x0000000708500000, 0x0000000708500000| Untracked 
| 104|0x0000000708600000, 0x0000000708600000, 0x0000000708700000|  0%| F|  |TAMS 0x0000000708600000, 0x0000000708600000| Untracked 
| 105|0x0000000708700000, 0x0000000708700000, 0x0000000708800000|  0%| F|  |TAMS 0x0000000708700000, 0x0000000708700000| Untracked 
| 106|0x0000000708800000, 0x0000000708800000, 0x0000000708900000|  0%| F|  |TAMS 0x0000000708800000, 0x0000000708800000| Untracked 
| 107|0x0000000708900000, 0x0000000708900000, 0x0000000708a00000|  0%| F|  |TAMS 0x0000000708900000, 0x0000000708900000| Untracked 
| 108|0x0000000708a00000, 0x0000000708a00000, 0x0000000708b00000|  0%| F|  |TAMS 0x0000000708a00000, 0x0000000708a00000| Untracked 
| 109|0x0000000708b00000, 0x0000000708b00000, 0x0000000708c00000|  0%| F|  |TAMS 0x0000000708b00000, 0x0000000708b00000| Untracked 
| 110|0x0000000708c00000, 0x0000000708c00000, 0x0000000708d00000|  0%| F|  |TAMS 0x0000000708c00000, 0x0000000708c00000| Untracked 
| 111|0x0000000708d00000, 0x0000000708d00000, 0x0000000708e00000|  0%| F|  |TAMS 0x0000000708d00000, 0x0000000708d00000| Untracked 
| 112|0x0000000708e00000, 0x0000000708e00000, 0x0000000708f00000|  0%| F|  |TAMS 0x0000000708e00000, 0x0000000708e00000| Untracked 
| 113|0x0000000708f00000, 0x0000000708f00000, 0x0000000709000000|  0%| F|  |TAMS 0x0000000708f00000, 0x0000000708f00000| Untracked 
| 114|0x0000000709000000, 0x0000000709000000, 0x0000000709100000|  0%| F|  |TAMS 0x0000000709000000, 0x0000000709000000| Untracked 
| 115|0x0000000709100000, 0x0000000709100000, 0x0000000709200000|  0%| F|  |TAMS 0x0000000709100000, 0x0000000709100000| Untracked 
| 116|0x0000000709200000, 0x0000000709200000, 0x0000000709300000|  0%| F|  |TAMS 0x0000000709200000, 0x0000000709200000| Untracked 
| 117|0x0000000709300000, 0x0000000709300000, 0x0000000709400000|  0%| F|  |TAMS 0x0000000709300000, 0x0000000709300000| Untracked 
| 118|0x0000000709400000, 0x0000000709400000, 0x0000000709500000|  0%| F|  |TAMS 0x0000000709400000, 0x0000000709400000| Untracked 
| 119|0x0000000709500000, 0x0000000709500000, 0x0000000709600000|  0%| F|  |TAMS 0x0000000709500000, 0x0000000709500000| Untracked 
| 120|0x0000000709600000, 0x0000000709600000, 0x0000000709700000|  0%| F|  |TAMS 0x0000000709600000, 0x0000000709600000| Untracked 
| 121|0x0000000709700000, 0x0000000709700000, 0x0000000709800000|  0%| F|  |TAMS 0x0000000709700000, 0x0000000709700000| Untracked 
| 122|0x0000000709800000, 0x0000000709800000, 0x0000000709900000|  0%| F|  |TAMS 0x0000000709800000, 0x0000000709800000| Untracked 
| 123|0x0000000709900000, 0x0000000709900000, 0x0000000709a00000|  0%| F|  |TAMS 0x0000000709900000, 0x0000000709900000| Untracked 
| 124|0x0000000709a00000, 0x0000000709a00000, 0x0000000709b00000|  0%| F|  |TAMS 0x0000000709a00000, 0x0000000709a00000| Untracked 
| 125|0x0000000709b00000, 0x0000000709b00000, 0x0000000709c00000|  0%| F|  |TAMS 0x0000000709b00000, 0x0000000709b00000| Untracked 
| 126|0x0000000709c00000, 0x0000000709c00000, 0x0000000709d00000|  0%| F|  |TAMS 0x0000000709c00000, 0x0000000709c00000| Untracked 
| 127|0x0000000709d00000, 0x0000000709d00000, 0x0000000709e00000|  0%| F|  |TAMS 0x0000000709d00000, 0x0000000709d00000| Untracked 
| 128|0x0000000709e00000, 0x0000000709e00000, 0x0000000709f00000|  0%| F|  |TAMS 0x0000000709e00000, 0x0000000709e00000| Untracked 
| 129|0x0000000709f00000, 0x0000000709f00000, 0x000000070a000000|  0%| F|  |TAMS 0x0000000709f00000, 0x0000000709f00000| Untracked 
| 130|0x000000070a000000, 0x000000070a000000, 0x000000070a100000|  0%| F|  |TAMS 0x000000070a000000, 0x000000070a000000| Untracked 
| 131|0x000000070a100000, 0x000000070a100000, 0x000000070a200000|  0%| F|  |TAMS 0x000000070a100000, 0x000000070a100000| Untracked 
| 132|0x000000070a200000, 0x000000070a200000, 0x000000070a300000|  0%| F|  |TAMS 0x000000070a200000, 0x000000070a200000| Untracked 
| 133|0x000000070a300000, 0x000000070a300000, 0x000000070a400000|  0%| F|  |TAMS 0x000000070a300000, 0x000000070a300000| Untracked 
| 134|0x000000070a400000, 0x000000070a400000, 0x000000070a500000|  0%| F|  |TAMS 0x000000070a400000, 0x000000070a400000| Untracked 
| 135|0x000000070a500000, 0x000000070a500000, 0x000000070a600000|  0%| F|  |TAMS 0x000000070a500000, 0x000000070a500000| Untracked 
| 136|0x000000070a600000, 0x000000070a600000, 0x000000070a700000|  0%| F|  |TAMS 0x000000070a600000, 0x000000070a600000| Untracked 
| 137|0x000000070a700000, 0x000000070a700000, 0x000000070a800000|  0%| F|  |TAMS 0x000000070a700000, 0x000000070a700000| Untracked 
| 138|0x000000070a800000, 0x000000070a800000, 0x000000070a900000|  0%| F|  |TAMS 0x000000070a800000, 0x000000070a800000| Untracked 
| 139|0x000000070a900000, 0x000000070a900000, 0x000000070aa00000|  0%| F|  |TAMS 0x000000070a900000, 0x000000070a900000| Untracked 
| 140|0x000000070aa00000, 0x000000070aa00000, 0x000000070ab00000|  0%| F|  |TAMS 0x000000070aa00000, 0x000000070aa00000| Untracked 
| 141|0x000000070ab00000, 0x000000070ab00000, 0x000000070ac00000|  0%| F|  |TAMS 0x000000070ab00000, 0x000000070ab00000| Untracked 
| 142|0x000000070ac00000, 0x000000070ac00000, 0x000000070ad00000|  0%| F|  |TAMS 0x000000070ac00000, 0x000000070ac00000| Untracked 
| 143|0x000000070ad00000, 0x000000070ad00000, 0x000000070ae00000|  0%| F|  |TAMS 0x000000070ad00000, 0x000000070ad00000| Untracked 
| 144|0x000000070ae00000, 0x000000070ae00000, 0x000000070af00000|  0%| F|  |TAMS 0x000000070ae00000, 0x000000070ae00000| Untracked 
| 145|0x000000070af00000, 0x000000070af00000, 0x000000070b000000|  0%| F|  |TAMS 0x000000070af00000, 0x000000070af00000| Untracked 
| 146|0x000000070b000000, 0x000000070b000000, 0x000000070b100000|  0%| F|  |TAMS 0x000000070b000000, 0x000000070b000000| Untracked 
| 147|0x000000070b100000, 0x000000070b100000, 0x000000070b200000|  0%| F|  |TAMS 0x000000070b100000, 0x000000070b100000| Untracked 
| 148|0x000000070b200000, 0x000000070b200000, 0x000000070b300000|  0%| F|  |TAMS 0x000000070b200000, 0x000000070b200000| Untracked 
| 149|0x000000070b300000, 0x000000070b300000, 0x000000070b400000|  0%| F|  |TAMS 0x000000070b300000, 0x000000070b300000| Untracked 
| 150|0x000000070b400000, 0x000000070b400000, 0x000000070b500000|  0%| F|  |TAMS 0x000000070b400000, 0x000000070b400000| Untracked 
| 151|0x000000070b500000, 0x000000070b500000, 0x000000070b600000|  0%| F|  |TAMS 0x000000070b500000, 0x000000070b500000| Untracked 
| 152|0x000000070b600000, 0x000000070b600000, 0x000000070b700000|  0%| F|  |TAMS 0x000000070b600000, 0x000000070b600000| Untracked 
| 153|0x000000070b700000, 0x000000070b700000, 0x000000070b800000|  0%| F|  |TAMS 0x000000070b700000, 0x000000070b700000| Untracked 
| 154|0x000000070b800000, 0x000000070b800000, 0x000000070b900000|  0%| F|  |TAMS 0x000000070b800000, 0x000000070b800000| Untracked 
| 155|0x000000070b900000, 0x000000070b900000, 0x000000070ba00000|  0%| F|  |TAMS 0x000000070b900000, 0x000000070b900000| Untracked 
| 156|0x000000070ba00000, 0x000000070ba00000, 0x000000070bb00000|  0%| F|  |TAMS 0x000000070ba00000, 0x000000070ba00000| Untracked 
| 157|0x000000070bb00000, 0x000000070bb00000, 0x000000070bc00000|  0%| F|  |TAMS 0x000000070bb00000, 0x000000070bb00000| Untracked 
| 158|0x000000070bc00000, 0x000000070bc00000, 0x000000070bd00000|  0%| F|  |TAMS 0x000000070bc00000, 0x000000070bc00000| Untracked 
| 159|0x000000070bd00000, 0x000000070bd00000, 0x000000070be00000|  0%| F|  |TAMS 0x000000070bd00000, 0x000000070bd00000| Untracked 
| 160|0x000000070be00000, 0x000000070be00000, 0x000000070bf00000|  0%| F|  |TAMS 0x000000070be00000, 0x000000070be00000| Untracked 
| 161|0x000000070bf00000, 0x000000070bf00000, 0x000000070c000000|  0%| F|  |TAMS 0x000000070bf00000, 0x000000070bf00000| Untracked 
| 162|0x000000070c000000, 0x000000070c000000, 0x000000070c100000|  0%| F|  |TAMS 0x000000070c000000, 0x000000070c000000| Untracked 
| 163|0x000000070c100000, 0x000000070c100000, 0x000000070c200000|  0%| F|  |TAMS 0x000000070c100000, 0x000000070c100000| Untracked 
| 164|0x000000070c200000, 0x000000070c200000, 0x000000070c300000|  0%| F|  |TAMS 0x000000070c200000, 0x000000070c200000| Untracked 
| 165|0x000000070c300000, 0x000000070c300000, 0x000000070c400000|  0%| F|  |TAMS 0x000000070c300000, 0x000000070c300000| Untracked 
| 166|0x000000070c400000, 0x000000070c400000, 0x000000070c500000|  0%| F|  |TAMS 0x000000070c400000, 0x000000070c400000| Untracked 
| 167|0x000000070c500000, 0x000000070c500000, 0x000000070c600000|  0%| F|  |TAMS 0x000000070c500000, 0x000000070c500000| Untracked 
| 168|0x000000070c600000, 0x000000070c600000, 0x000000070c700000|  0%| F|  |TAMS 0x000000070c600000, 0x000000070c600000| Untracked 
| 169|0x000000070c700000, 0x000000070c700000, 0x000000070c800000|  0%| F|  |TAMS 0x000000070c700000, 0x000000070c700000| Untracked 
| 170|0x000000070c800000, 0x000000070c800000, 0x000000070c900000|  0%| F|  |TAMS 0x000000070c800000, 0x000000070c800000| Untracked 
| 171|0x000000070c900000, 0x000000070c900000, 0x000000070ca00000|  0%| F|  |TAMS 0x000000070c900000, 0x000000070c900000| Untracked 
| 172|0x000000070ca00000, 0x000000070ca00000, 0x000000070cb00000|  0%| F|  |TAMS 0x000000070ca00000, 0x000000070ca00000| Untracked 
| 173|0x000000070cb00000, 0x000000070cb00000, 0x000000070cc00000|  0%| F|  |TAMS 0x000000070cb00000, 0x000000070cb00000| Untracked 
| 174|0x000000070cc00000, 0x000000070cc00000, 0x000000070cd00000|  0%| F|  |TAMS 0x000000070cc00000, 0x000000070cc00000| Untracked 
| 175|0x000000070cd00000, 0x000000070cd00000, 0x000000070ce00000|  0%| F|  |TAMS 0x000000070cd00000, 0x000000070cd00000| Untracked 
| 176|0x000000070ce00000, 0x000000070ce00000, 0x000000070cf00000|  0%| F|  |TAMS 0x000000070ce00000, 0x000000070ce00000| Untracked 
| 177|0x000000070cf00000, 0x000000070cf00000, 0x000000070d000000|  0%| F|  |TAMS 0x000000070cf00000, 0x000000070cf00000| Untracked 
| 178|0x000000070d000000, 0x000000070d000000, 0x000000070d100000|  0%| F|  |TAMS 0x000000070d000000, 0x000000070d000000| Untracked 
| 179|0x000000070d100000, 0x000000070d100000, 0x000000070d200000|  0%| F|  |TAMS 0x000000070d100000, 0x000000070d100000| Untracked 
| 180|0x000000070d200000, 0x000000070d200000, 0x000000070d300000|  0%| F|  |TAMS 0x000000070d200000, 0x000000070d200000| Untracked 
| 181|0x000000070d300000, 0x000000070d300000, 0x000000070d400000|  0%| F|  |TAMS 0x000000070d300000, 0x000000070d300000| Untracked 
| 182|0x000000070d400000, 0x000000070d400000, 0x000000070d500000|  0%| F|  |TAMS 0x000000070d400000, 0x000000070d400000| Untracked 
| 183|0x000000070d500000, 0x000000070d500000, 0x000000070d600000|  0%| F|  |TAMS 0x000000070d500000, 0x000000070d500000| Untracked 
| 184|0x000000070d600000, 0x000000070d600000, 0x000000070d700000|  0%| F|  |TAMS 0x000000070d600000, 0x000000070d600000| Untracked 
| 185|0x000000070d700000, 0x000000070d700000, 0x000000070d800000|  0%| F|  |TAMS 0x000000070d700000, 0x000000070d700000| Untracked 
| 186|0x000000070d800000, 0x000000070d800000, 0x000000070d900000|  0%| F|  |TAMS 0x000000070d800000, 0x000000070d800000| Untracked 
| 187|0x000000070d900000, 0x000000070d900000, 0x000000070da00000|  0%| F|  |TAMS 0x000000070d900000, 0x000000070d900000| Untracked 
| 188|0x000000070da00000, 0x000000070da00000, 0x000000070db00000|  0%| F|  |TAMS 0x000000070da00000, 0x000000070da00000| Untracked 
| 189|0x000000070db00000, 0x000000070db00000, 0x000000070dc00000|  0%| F|  |TAMS 0x000000070db00000, 0x000000070db00000| Untracked 
| 190|0x000000070dc00000, 0x000000070dc00000, 0x000000070dd00000|  0%| F|  |TAMS 0x000000070dc00000, 0x000000070dc00000| Untracked 
| 191|0x000000070dd00000, 0x000000070dd00000, 0x000000070de00000|  0%| F|  |TAMS 0x000000070dd00000, 0x000000070dd00000| Untracked 
| 192|0x000000070de00000, 0x000000070de00000, 0x000000070df00000|  0%| F|  |TAMS 0x000000070de00000, 0x000000070de00000| Untracked 
| 193|0x000000070df00000, 0x000000070df00000, 0x000000070e000000|  0%| F|  |TAMS 0x000000070df00000, 0x000000070df00000| Untracked 
| 194|0x000000070e000000, 0x000000070e000000, 0x000000070e100000|  0%| F|  |TAMS 0x000000070e000000, 0x000000070e000000| Untracked 
| 195|0x000000070e100000, 0x000000070e100000, 0x000000070e200000|  0%| F|  |TAMS 0x000000070e100000, 0x000000070e100000| Untracked 
| 196|0x000000070e200000, 0x000000070e200000, 0x000000070e300000|  0%| F|  |TAMS 0x000000070e200000, 0x000000070e200000| Untracked 
| 197|0x000000070e300000, 0x000000070e300000, 0x000000070e400000|  0%| F|  |TAMS 0x000000070e300000, 0x000000070e300000| Untracked 
| 198|0x000000070e400000, 0x000000070e400000, 0x000000070e500000|  0%| F|  |TAMS 0x000000070e400000, 0x000000070e400000| Untracked 
| 199|0x000000070e500000, 0x000000070e500000, 0x000000070e600000|  0%| F|  |TAMS 0x000000070e500000, 0x000000070e500000| Untracked 
| 200|0x000000070e600000, 0x000000070e600000, 0x000000070e700000|  0%| F|  |TAMS 0x000000070e600000, 0x000000070e600000| Untracked 
| 201|0x000000070e700000, 0x000000070e700000, 0x000000070e800000|  0%| F|  |TAMS 0x000000070e700000, 0x000000070e700000| Untracked 
| 202|0x000000070e800000, 0x000000070e800000, 0x000000070e900000|  0%| F|  |TAMS 0x000000070e800000, 0x000000070e800000| Untracked 
| 203|0x000000070e900000, 0x000000070e900000, 0x000000070ea00000|  0%| F|  |TAMS 0x000000070e900000, 0x000000070e900000| Untracked 
| 204|0x000000070ea00000, 0x000000070ea00000, 0x000000070eb00000|  0%| F|  |TAMS 0x000000070ea00000, 0x000000070ea00000| Untracked 
| 205|0x000000070eb00000, 0x000000070eb00000, 0x000000070ec00000|  0%| F|  |TAMS 0x000000070eb00000, 0x000000070eb00000| Untracked 
| 206|0x000000070ec00000, 0x000000070ec00000, 0x000000070ed00000|  0%| F|  |TAMS 0x000000070ec00000, 0x000000070ec00000| Untracked 
| 207|0x000000070ed00000, 0x000000070ed00000, 0x000000070ee00000|  0%| F|  |TAMS 0x000000070ed00000, 0x000000070ed00000| Untracked 
| 208|0x000000070ee00000, 0x000000070ee5d840, 0x000000070ef00000| 36%| S|CS|TAMS 0x000000070ee00000, 0x000000070ee00000| Complete 
| 209|0x000000070ef00000, 0x000000070f000000, 0x000000070f000000|100%| S|CS|TAMS 0x000000070ef00000, 0x000000070ef00000| Complete 
| 210|0x000000070f000000, 0x000000070f100000, 0x000000070f100000|100%| S|CS|TAMS 0x000000070f000000, 0x000000070f000000| Complete 
| 211|0x000000070f100000, 0x000000070f200000, 0x000000070f200000|100%| S|CS|TAMS 0x000000070f100000, 0x000000070f100000| Complete 
| 212|0x000000070f200000, 0x000000070f200000, 0x000000070f300000|  0%| F|  |TAMS 0x000000070f200000, 0x000000070f200000| Untracked 
| 213|0x000000070f300000, 0x000000070f300000, 0x000000070f400000|  0%| F|  |TAMS 0x000000070f300000, 0x000000070f300000| Untracked 
| 214|0x000000070f400000, 0x000000070f400000, 0x000000070f500000|  0%| F|  |TAMS 0x000000070f400000, 0x000000070f400000| Untracked 
| 215|0x000000070f500000, 0x000000070f500000, 0x000000070f600000|  0%| F|  |TAMS 0x000000070f500000, 0x000000070f500000| Untracked 
| 216|0x000000070f600000, 0x000000070f600000, 0x000000070f700000|  0%| F|  |TAMS 0x000000070f600000, 0x000000070f600000| Untracked 
| 217|0x000000070f700000, 0x000000070f700000, 0x000000070f800000|  0%| F|  |TAMS 0x000000070f700000, 0x000000070f700000| Untracked 
| 218|0x000000070f800000, 0x000000070f800000, 0x000000070f900000|  0%| F|  |TAMS 0x000000070f800000, 0x000000070f800000| Untracked 
| 219|0x000000070f900000, 0x000000070f900000, 0x000000070fa00000|  0%| F|  |TAMS 0x000000070f900000, 0x000000070f900000| Untracked 
| 220|0x000000070fa00000, 0x000000070fa00000, 0x000000070fb00000|  0%| F|  |TAMS 0x000000070fa00000, 0x000000070fa00000| Untracked 
| 221|0x000000070fb00000, 0x000000070fb00000, 0x000000070fc00000|  0%| F|  |TAMS 0x000000070fb00000, 0x000000070fb00000| Untracked 
| 222|0x000000070fc00000, 0x000000070fc00000, 0x000000070fd00000|  0%| F|  |TAMS 0x000000070fc00000, 0x000000070fc00000| Untracked 
| 223|0x000000070fd00000, 0x000000070fd00000, 0x000000070fe00000|  0%| F|  |TAMS 0x000000070fd00000, 0x000000070fd00000| Untracked 
| 224|0x000000070fe00000, 0x000000070fe00000, 0x000000070ff00000|  0%| F|  |TAMS 0x000000070fe00000, 0x000000070fe00000| Untracked 
| 225|0x000000070ff00000, 0x000000070ff00000, 0x0000000710000000|  0%| F|  |TAMS 0x000000070ff00000, 0x000000070ff00000| Untracked 
| 226|0x0000000710000000, 0x0000000710000800, 0x0000000710100000|  0%| E|  |TAMS 0x0000000710000000, 0x0000000710000000| Complete 
| 227|0x0000000710100000, 0x0000000710200000, 0x0000000710200000|100%| E|CS|TAMS 0x0000000710100000, 0x0000000710100000| Complete 
| 228|0x0000000710200000, 0x0000000710300000, 0x0000000710300000|100%| E|CS|TAMS 0x0000000710200000, 0x0000000710200000| Complete 
| 229|0x0000000710300000, 0x0000000710400000, 0x0000000710400000|100%| E|CS|TAMS 0x0000000710300000, 0x0000000710300000| Complete 
| 230|0x0000000710400000, 0x0000000710500000, 0x0000000710500000|100%| E|CS|TAMS 0x0000000710400000, 0x0000000710400000| Complete 
| 231|0x0000000710500000, 0x0000000710600000, 0x0000000710600000|100%| E|CS|TAMS 0x0000000710500000, 0x0000000710500000| Complete 
| 232|0x0000000710600000, 0x0000000710700000, 0x0000000710700000|100%| E|CS|TAMS 0x0000000710600000, 0x0000000710600000| Complete 
| 233|0x0000000710700000, 0x0000000710800000, 0x0000000710800000|100%| E|CS|TAMS 0x0000000710700000, 0x0000000710700000| Complete 
| 234|0x0000000710800000, 0x0000000710900000, 0x0000000710900000|100%| E|CS|TAMS 0x0000000710800000, 0x0000000710800000| Complete 
| 235|0x0000000710900000, 0x0000000710a00000, 0x0000000710a00000|100%| E|CS|TAMS 0x0000000710900000, 0x0000000710900000| Complete 
| 236|0x0000000710a00000, 0x0000000710b00000, 0x0000000710b00000|100%| E|CS|TAMS 0x0000000710a00000, 0x0000000710a00000| Complete 
| 237|0x0000000710b00000, 0x0000000710c00000, 0x0000000710c00000|100%| E|CS|TAMS 0x0000000710b00000, 0x0000000710b00000| Complete 
| 238|0x0000000710c00000, 0x0000000710d00000, 0x0000000710d00000|100%| E|CS|TAMS 0x0000000710c00000, 0x0000000710c00000| Complete 
| 239|0x0000000710d00000, 0x0000000710e00000, 0x0000000710e00000|100%| E|CS|TAMS 0x0000000710d00000, 0x0000000710d00000| Complete 
| 240|0x0000000710e00000, 0x0000000710f00000, 0x0000000710f00000|100%| E|CS|TAMS 0x0000000710e00000, 0x0000000710e00000| Complete 
| 241|0x0000000710f00000, 0x0000000711000000, 0x0000000711000000|100%| E|CS|TAMS 0x0000000710f00000, 0x0000000710f00000| Complete 
| 242|0x0000000711000000, 0x0000000711100000, 0x0000000711100000|100%| E|CS|TAMS 0x0000000711000000, 0x0000000711000000| Complete 
| 243|0x0000000711100000, 0x0000000711200000, 0x0000000711200000|100%| E|CS|TAMS 0x0000000711100000, 0x0000000711100000| Complete 
| 244|0x0000000711200000, 0x0000000711300000, 0x0000000711300000|100%| E|CS|TAMS 0x0000000711200000, 0x0000000711200000| Complete 
| 245|0x0000000711300000, 0x0000000711400000, 0x0000000711400000|100%| E|CS|TAMS 0x0000000711300000, 0x0000000711300000| Complete 
| 246|0x0000000711400000, 0x0000000711500000, 0x0000000711500000|100%| E|CS|TAMS 0x0000000711400000, 0x0000000711400000| Complete 
| 247|0x0000000711500000, 0x0000000711600000, 0x0000000711600000|100%| E|CS|TAMS 0x0000000711500000, 0x0000000711500000| Complete 
| 248|0x0000000711600000, 0x0000000711700000, 0x0000000711700000|100%| E|CS|TAMS 0x0000000711600000, 0x0000000711600000| Complete 
| 249|0x0000000711700000, 0x0000000711800000, 0x0000000711800000|100%| E|CS|TAMS 0x0000000711700000, 0x0000000711700000| Complete 
| 250|0x0000000711800000, 0x0000000711900000, 0x0000000711900000|100%| E|CS|TAMS 0x0000000711800000, 0x0000000711800000| Complete 
| 251|0x0000000711900000, 0x0000000711a00000, 0x0000000711a00000|100%| E|CS|TAMS 0x0000000711900000, 0x0000000711900000| Complete 
| 252|0x0000000711a00000, 0x0000000711b00000, 0x0000000711b00000|100%| E|CS|TAMS 0x0000000711a00000, 0x0000000711a00000| Complete 
| 253|0x0000000711b00000, 0x0000000711c00000, 0x0000000711c00000|100%| E|CS|TAMS 0x0000000711b00000, 0x0000000711b00000| Complete 
| 254|0x0000000711c00000, 0x0000000711d00000, 0x0000000711d00000|100%| E|CS|TAMS 0x0000000711c00000, 0x0000000711c00000| Complete 
| 255|0x0000000711d00000, 0x0000000711e00000, 0x0000000711e00000|100%| E|CS|TAMS 0x0000000711d00000, 0x0000000711d00000| Complete 

Card table byte_map: [0x000002c818520000,0x000002c818d20000] _byte_map_base: 0x000002c814d11000

Marking Bits (Prev, Next): (CMBitMap*) 0x000002c8796d0a18, (CMBitMap*) 0x000002c8796d0a58
 Prev Bits: [0x000002c819520000, 0x000002c81d4a8000)
 Next Bits: [0x000002c81d4b0000, 0x000002c821438000)

Polling page: 0x000002c800000000

Metaspace:

Usage:
  Non-class:     15.49 MB capacity,    15.14 MB ( 98%) used,   304.85 KB (  2%) free+waste,    51.69 KB ( <1%) overhead. 
      Class:      2.25 MB capacity,     2.05 MB ( 91%) used,   180.41 KB (  8%) free+waste,    26.56 KB (  1%) overhead. 
       Both:     17.75 MB capacity,    17.19 MB ( 97%) used,   485.27 KB (  3%) free+waste,    78.25 KB ( <1%) overhead. 

Virtual space:
  Non-class space:       16.00 MB reserved,      15.50 MB ( 97%) committed 
      Class space:        1.00 GB reserved,       2.38 MB ( <1%) committed 
             Both:        1.02 GB reserved,      17.88 MB (  2%) committed 

Chunk freelists:
   Non-Class:  9.00 KB
       Class:  28.00 KB
        Both:  37.00 KB

MaxMetaspaceSize: 17179869184.00 GB
CompressedClassSpaceSize: 1.00 GB

CodeHeap 'non-profiled nmethods': size=120000Kb used=630Kb max_used=630Kb free=119369Kb
 bounds [0x000002c8101c0000, 0x000002c810430000, 0x000002c8176f0000]
CodeHeap 'profiled nmethods': size=120000Kb used=3165Kb max_used=3165Kb free=116834Kb
 bounds [0x000002c808c90000, 0x000002c808fb0000, 0x000002c8101c0000]
CodeHeap 'non-nmethods': size=5760Kb used=1265Kb max_used=1286Kb free=4495Kb
 bounds [0x000002c8086f0000, 0x000002c808960000, 0x000002c808c90000]
 total_blobs=2176 nmethods=1634 adapters=455
 compilation: enabled
              stopped_count=0, restarted_count=0
 full_count=0

Compilation events (20 events):
Event: 4.690 Thread 0x000002c8243c1000 1606       3       java.lang.CharacterDataLatin1::isJavaIdentifierPart (20 bytes)
Event: 4.690 Thread 0x000002c8243c1000 nmethod 1606 0x000002c808f95e90 code [0x000002c808f96040, 0x000002c808f96278]
Event: 4.690 Thread 0x000002c8243b7800 nmethod 1553 0x000002c81025c290 code [0x000002c81025c420, 0x000002c81025c498]
Event: 4.690 Thread 0x000002c8243b7800 1552   !   4       java.util.concurrent.ConcurrentHashMap::transfer (849 bytes)
Event: 4.693 Thread 0x000002c8243c1000 1607       3       java.util.LinkedHashMap$LinkedKeyIterator::next (8 bytes)
Event: 4.693 Thread 0x000002c8243c1000 nmethod 1607 0x000002c808f96390 code [0x000002c808f96540, 0x000002c808f966a8]
Event: 4.693 Thread 0x000002c8243c1000 1608       3       jdk.internal.reflect.NativeConstructorAccessorImpl::newInstance (89 bytes)
Event: 4.694 Thread 0x000002c8243c1000 nmethod 1608 0x000002c808f96790 code [0x000002c808f96a20, 0x000002c808f97978]
Event: 4.698 Thread 0x000002c8243c1000 1611       3       java.lang.PublicMethods$MethodList::filter (104 bytes)
Event: 4.699 Thread 0x000002c8243c1000 nmethod 1611 0x000002c808f97e10 code [0x000002c808f98060, 0x000002c808f98af8]
Event: 4.699 Thread 0x000002c8243c1000 1612       3       java.lang.Class::getMethodsRecursive (99 bytes)
Event: 4.700 Thread 0x000002c8243c1000 nmethod 1612 0x000002c808f99010 code [0x000002c808f99240, 0x000002c808f997e8]
Event: 4.700 Thread 0x000002c8243c1000 1613   !   3       java.lang.reflect.Executable::declaredAnnotations (85 bytes)
Event: 4.700 Thread 0x000002c8243c1000 nmethod 1613 0x000002c808f99b10 code [0x000002c808f99d40, 0x000002c808f9a788]
Event: 4.705 Thread 0x000002c8243c1000 1615       3       java.util.Collections$UnmodifiableCollection$1::hasNext (10 bytes)
Event: 4.705 Thread 0x000002c8243c1000 nmethod 1615 0x000002c808f9ab10 code [0x000002c808f9acc0, 0x000002c808f9aec8]
Event: 4.705 Thread 0x000002c8243c1000 1616       3       java.util.Collections$UnmodifiableCollection$1::next (10 bytes)
Event: 4.706 Thread 0x000002c8243c1000 nmethod 1616 0x000002c808f9af90 code [0x000002c808f9b140, 0x000002c808f9b328]
Event: 4.706 Thread 0x000002c8243c1000 1618       3       java.util.Locale::getDefault (4 bytes)
Event: 4.706 Thread 0x000002c8243c1000 nmethod 1618 0x000002c808f9b410 code [0x000002c808f9b5a0, 0x000002c808f9b698]

GC Heap History (6 events):
Event: 0.519 GC heap before
{Heap before GC invocations=0 (full 0):
 garbage-first heap   total 262144K, used 13312K [0x0000000701e00000, 0x0000000800000000)
  region size 1024K, 13 young (13312K), 0 survivors (0K)
 Metaspace       used 2673K, capacity 6005K, committed 6144K, reserved 1056768K
  class space    used 213K, capacity 512K, committed 512K, reserved 1048576K
}
Event: 0.523 GC heap after
{Heap after GC invocations=1 (full 0):
 garbage-first heap   total 262144K, used 2870K [0x0000000701e00000, 0x0000000800000000)
  region size 1024K, 2 young (2048K), 2 survivors (2048K)
 Metaspace       used 2673K, capacity 6005K, committed 6144K, reserved 1056768K
  class space    used 213K, capacity 512K, committed 512K, reserved 1048576K
}
Event: 0.748 GC heap before
{Heap before GC invocations=1 (full 0):
 garbage-first heap   total 262144K, used 18230K [0x0000000701e00000, 0x0000000800000000)
  region size 1024K, 17 young (17408K), 2 survivors (2048K)
 Metaspace       used 4925K, capacity 7348K, committed 7424K, reserved 1056768K
  class space    used 474K, capacity 705K, committed 768K, reserved 1048576K
}
Event: 0.751 GC heap after
{Heap after GC invocations=2 (full 0):
 garbage-first heap   total 262144K, used 3793K [0x0000000701e00000, 0x0000000800000000)
  region size 1024K, 1 young (1024K), 1 survivors (1024K)
 Metaspace       used 4925K, capacity 7348K, committed 7424K, reserved 1056768K
  class space    used 474K, capacity 705K, committed 768K, reserved 1048576K
}
Event: 2.111 GC heap before
{Heap before GC invocations=2 (full 0):
 garbage-first heap   total 262144K, used 47825K [0x0000000701e00000, 0x0000000800000000)
  region size 1024K, 44 young (45056K), 1 survivors (1024K)
 Metaspace       used 14134K, capacity 14572K, committed 14848K, reserved 1062912K
  class space    used 1616K, capacity 1764K, committed 1792K, reserved 1048576K
}
Event: 2.115 GC heap after
{Heap after GC invocations=3 (full 0):
 garbage-first heap   total 262144K, used 6363K [0x0000000701e00000, 0x0000000800000000)
  region size 1024K, 4 young (4096K), 4 survivors (4096K)
 Metaspace       used 14134K, capacity 14572K, committed 14848K, reserved 1062912K
  class space    used 1616K, capacity 1764K, committed 1792K, reserved 1048576K
}

Deoptimization events (20 events):
Event: 4.622 Thread 0x000002c879668800 Uncommon trap: trap_request=0xffffffde fr.pc=0x000002c81024556c relative=0x000000000000054c
Event: 4.622 Thread 0x000002c879668800 Uncommon trap: reason=class_check action=maybe_recompile pc=0x000002c81024556c method=org.openqa.selenium.json.Input.init()V @ 18 c2
Event: 4.622 Thread 0x000002c879668800 DEOPT PACKING pc=0x000002c81024556c sp=0x000000f7513feb20
Event: 4.622 Thread 0x000002c879668800 DEOPT UNPACKING pc=0x000002c80873912f sp=0x000000f7513feaf8 mode 2
Event: 4.622 Thread 0x000002c879668800 Uncommon trap: trap_request=0xffffffde fr.pc=0x000002c81024556c relative=0x000000000000054c
Event: 4.622 Thread 0x000002c879668800 Uncommon trap: reason=class_check action=maybe_recompile pc=0x000002c81024556c method=org.openqa.selenium.json.Input.init()V @ 18 c2
Event: 4.622 Thread 0x000002c879668800 DEOPT PACKING pc=0x000002c81024556c sp=0x000000f7513fe6e0
Event: 4.622 Thread 0x000002c879668800 DEOPT UNPACKING pc=0x000002c80873912f sp=0x000000f7513fe6b8 mode 2
Event: 4.622 Thread 0x000002c879668800 Uncommon trap: trap_request=0xffffffde fr.pc=0x000002c81024556c relative=0x000000000000054c
Event: 4.622 Thread 0x000002c879668800 Uncommon trap: reason=class_check action=maybe_recompile pc=0x000002c81024556c method=org.openqa.selenium.json.Input.init()V @ 18 c2
Event: 4.622 Thread 0x000002c879668800 DEOPT PACKING pc=0x000002c81024556c sp=0x000000f7513fe120
Event: 4.622 Thread 0x000002c879668800 DEOPT UNPACKING pc=0x000002c80873912f sp=0x000000f7513fe0f8 mode 2
Event: 4.622 Thread 0x000002c879668800 Uncommon trap: trap_request=0xffffffde fr.pc=0x000002c81024556c relative=0x000000000000054c
Event: 4.622 Thread 0x000002c879668800 Uncommon trap: reason=class_check action=maybe_recompile pc=0x000002c81024556c method=org.openqa.selenium.json.Input.init()V @ 18 c2
Event: 4.622 Thread 0x000002c879668800 DEOPT PACKING pc=0x000002c81024556c sp=0x000000f7513fe120
Event: 4.622 Thread 0x000002c879668800 DEOPT UNPACKING pc=0x000002c80873912f sp=0x000000f7513fe0f8 mode 2
Event: 4.649 Thread 0x000002c879668800 Uncommon trap: trap_request=0xffffff45 fr.pc=0x000002c81022e9b4 relative=0x00000000000012b4
Event: 4.649 Thread 0x000002c879668800 Uncommon trap: reason=unstable_if action=reinterpret pc=0x000002c81022e9b4 method=java.util.concurrent.ConcurrentHashMap.putVal(Ljava/lang/Object;Ljava/lang/Object;Z)Ljava/lang/Object; @ 256 c2
Event: 4.649 Thread 0x000002c879668800 DEOPT PACKING pc=0x000002c81022e9b4 sp=0x000000f7513fe700
Event: 4.649 Thread 0x000002c879668800 DEOPT UNPACKING pc=0x000002c80873912f sp=0x000000f7513fe698 mode 2

Classes unloaded (0 events):
No events

Classes redefined (0 events):
No events

Internal exceptions (20 events):
Event: 1.383 Thread 0x000002c8256bf000 Exception <a 'java/lang/NoSuchMethodError'{0x000000070ffa3660}: 'void java.lang.invoke.DirectMethodHandle$Holder.invokeStatic(java.lang.Object, long)'> (0x000000070ffa3660) 
thrown [./open/src/hotspot/share/interpreter/linkResolver.cpp, line 766]
Event: 1.386 Thread 0x000002c8256bf000 Exception <a 'java/lang/NoSuchMethodError'{0x000000070ffaddd8}: 'java.lang.Object java.lang.invoke.DirectMethodHandle$Holder.invokeStaticInit(java.lang.Object, java.lang.Object, long, java.lang.Object)'> (0x000000070ffaddd8) 
thrown [./open/src/hotspot/share/interpreter/linkResolver.cpp, line 766]
Event: 1.387 Thread 0x000002c8256bf000 Exception <a 'java/lang/NoSuchMethodError'{0x000000070ffb3940}: 'java.lang.Object java.lang.invoke.Invokers$Holder.linkToTargetMethod(java.lang.Object, long, java.lang.Object)'> (0x000000070ffb3940) 
thrown [./open/src/hotspot/share/interpreter/linkResolver.cpp, line 766]
Event: 1.935 Thread 0x000002c879668800 Exception <a 'java/lang/NoSuchMethodError'{0x000000070fdfd0b0}: 'java.lang.Object java.lang.invoke.DirectMethodHandle$Holder.invokeInterface(java.lang.Object, java.lang.Object, java.lang.Object)'> (0x000000070fdfd0b0) 
thrown [./open/src/hotspot/share/interpreter/linkResolver.cpp, line 766]
Event: 1.936 Thread 0x000002c879668800 Exception <a 'java/lang/IncompatibleClassChangeError'{0x000000070fdffa68}: Found class java.lang.Object, but interface was expected> (0x000000070fdffa68) 
thrown [./open/src/hotspot/share/interpreter/linkResolver.cpp, line 832]
Event: 1.937 Thread 0x000002c879668800 Exception <a 'java/lang/NoSuchMethodError'{0x000000070fc07a80}: 'int java.lang.invoke.DirectMethodHandle$Holder.invokeSpecialIFC(java.lang.Object, java.lang.Object, java.lang.Object, java.lang.Object)'> (0x000000070fc07a80) 
thrown [./open/src/hotspot/share/interpreter/linkResolver.cpp, line 766]
Event: 1.938 Thread 0x000002c879668800 Exception <a 'java/lang/NoSuchMethodError'{0x000000070fc0fb40}: 'java.lang.Object java.lang.invoke.DirectMethodHandle$Holder.invokeInterface(java.lang.Object, java.lang.Object, java.lang.Object, java.lang.Object)'> (0x000000070fc0fb40) 
thrown [./open/src/hotspot/share/interpreter/linkResolver.cpp, line 766]
Event: 1.950 Thread 0x000002c879668800 Exception <a 'java/lang/NoSuchMethodError'{0x000000070fc7b540}: 'int java.lang.invoke.DirectMethodHandle$Holder.invokeVirtual(java.lang.Object, java.lang.Object)'> (0x000000070fc7b540) 
thrown [./open/src/hotspot/share/interpreter/linkResolver.cpp, line 766]
Event: 1.951 Thread 0x000002c879668800 Exception <a 'java/lang/NoSuchMethodError'{0x000000070fc80d80}: 'double java.lang.invoke.DirectMethodHandle$Holder.invokeVirtual(java.lang.Object, java.lang.Object)'> (0x000000070fc80d80) 
thrown [./open/src/hotspot/share/interpreter/linkResolver.cpp, line 766]
Event: 1.951 Thread 0x000002c879668800 Exception <a 'java/lang/NoSuchMethodError'{0x000000070fc866d8}: 'float java.lang.invoke.DirectMethodHandle$Holder.invokeVirtual(java.lang.Object, java.lang.Object)'> (0x000000070fc866d8) 
thrown [./open/src/hotspot/share/interpreter/linkResolver.cpp, line 766]
Event: 1.953 Thread 0x000002c879668800 Exception <a 'java/lang/NoSuchMethodError'{0x000000070fc8e198}: 'long java.lang.invoke.DirectMethodHandle$Holder.invokeVirtual(java.lang.Object, java.lang.Object)'> (0x000000070fc8e198) 
thrown [./open/src/hotspot/share/interpreter/linkResolver.cpp, line 766]
Event: 1.964 Thread 0x000002c879668800 Exception <a 'java/lang/NoSuchMethodError'{0x000000070fcd8a38}: 'java.lang.Object java.lang.invoke.DirectMethodHandle$Holder.invokeVirtual(java.lang.Object, java.lang.Object, java.lang.Object)'> (0x000000070fcd8a38) 
thrown [./open/src/hotspot/share/interpreter/linkResolver.cpp, line 766]
Event: 1.977 Thread 0x000002c879668800 Exception <a 'java/lang/NoSuchMethodError'{0x000000070fb66b00}: 'void java.lang.invoke.DirectMethodHandle$Holder.invokeSpecial(java.lang.Object, java.lang.Object, java.lang.Object, java.lang.Object)'> (0x000000070fb66b00) 
thrown [./open/src/hotspot/share/interpreter/linkResolver.cpp, line 766]
Event: 1.996 Thread 0x000002c879668800 Exception <a 'java/lang/NoSuchMethodError'{0x000000070fa71e00}: 'void java.lang.invoke.DirectMethodHandle$Holder.invokeSpecial(java.lang.Object, java.lang.Object, java.lang.Object, java.lang.Object, java.lang.Object)'> (0x000000070fa71e00) 
thrown [./open/src/hotspot/share/interpreter/linkResolver.cpp, line 766]
Event: 2.067 Thread 0x000002c879668800 Exception <a 'java/lang/NoSuchMethodError'{0x000000070f5df7c0}: 'java.lang.Object java.lang.invoke.Invokers$Holder.invokeExact_MT(java.lang.Object, java.lang.Object, java.lang.Object, java.lang.Object, java.lang.Object, java.lang.Object)'> (0x000000070f5df7c0) 
thrown [./open/src/hotspot/share/interpreter/linkResolver.cpp, line 766]
Event: 2.147 Thread 0x000002c879668800 Exception <a 'java/lang/NoSuchMethodError'{0x0000000711991fe8}: 'void java.lang.invoke.DirectMethodHandle$Holder.invokeStatic(java.lang.Object, java.lang.Object, java.lang.Object, java.lang.Object)'> (0x0000000711991fe8) 
thrown [./open/src/hotspot/share/interpreter/linkResolver.cpp, line 766]
Event: 2.195 Thread 0x000002c879668800 Exception <a 'java/lang/NoSuchMethodError'{0x0000000711314240}: 'void java.lang.invoke.DirectMethodHandle$Holder.invokeSpecial(java.lang.Object, java.lang.Object, java.lang.Object, java.lang.Object, java.lang.Object, java.lang.Object)'> (0x0000000711314240) 
thrown [./open/src/hotspot/share/interpreter/linkResolver.cpp, line 766]
Event: 4.630 Thread 0x000002c879668800 Exception <a 'java/lang/NoSuchMethodError'{0x00000007104419d8}: 'java.lang.Object java.lang.invoke.DirectMethodHandle$Holder.invokeSpecialIFC(java.lang.Object, java.lang.Object, java.lang.Object)'> (0x00000007104419d8) 
thrown [./open/src/hotspot/share/interpreter/linkResolver.cpp, line 766]
Event: 4.649 Thread 0x000002c879668800 Exception <a 'java/lang/NoSuchMethodError'{0x00000007104d6a18}: 'java.lang.Object java.lang.invoke.DirectMethodHandle$Holder.invokeStatic(java.lang.Object, int, java.lang.Object)'> (0x00000007104d6a18) 
thrown [./open/src/hotspot/share/interpreter/linkResolver.cpp, line 766]
Event: 4.660 Thread 0x000002c879668800 Exception <a 'java/lang/ClassNotFoundException'{0x00000007103027c8}: sun/util/logging/resources/spi/loggingProvider> (0x00000007103027c8) 
thrown [./open/src/hotspot/share/classfile/systemDictionary.cpp, line 226]

Events (20 events):
Event: 4.699 Executing VM operation: HandshakeOneThread
Event: 4.699 Executing VM operation: HandshakeOneThread done
Event: 4.700 Executing VM operation: HandshakeOneThread
Event: 4.700 Executing VM operation: HandshakeOneThread done
Event: 4.702 Executing VM operation: HandshakeOneThread
Event: 4.702 Executing VM operation: HandshakeOneThread done
Event: 4.703 loading class java/util/concurrent/CompletionException
Event: 4.703 loading class java/util/concurrent/CompletionException done
Event: 4.704 loading class java/io/PrintWriter
Event: 4.704 loading class java/io/PrintWriter done
Event: 4.704 loading class java/lang/Throwable$WrappedPrintWriter
Event: 4.704 loading class java/lang/Throwable$PrintStreamOrWriter
Event: 4.704 loading class java/lang/Throwable$PrintStreamOrWriter done
Event: 4.704 loading class java/lang/Throwable$WrappedPrintWriter done
Event: 4.705 loading class java/lang/StackTraceElement$HashedModules
Event: 4.705 loading class java/lang/StackTraceElement$HashedModules done
Event: 4.705 Executing VM operation: HandshakeOneThread
Event: 4.706 Executing VM operation: HandshakeOneThread done
Event: 4.706 Executing VM operation: HandshakeOneThread
Event: 4.706 Executing VM operation: HandshakeOneThread done


Dynamic libraries:
0x00007ff6c4f80000 - 0x00007ff6c4f8f000 	C:\Program Files\Java\jdk-14.0.2\bin\javaw.exe
0x00007ff988250000 - 0x00007ff98843d000 	C:\Windows\SYSTEM32\ntdll.dll
0x00007ff987fb0000 - 0x00007ff988063000 	C:\Windows\System32\KERNEL32.DLL
0x00007ff984660000 - 0x00007ff9848f5000 	C:\Windows\System32\KERNELBASE.dll
0x00007ff984970000 - 0x00007ff984a6a000 	C:\Windows\System32\ucrtbase.dll
0x00007ff96f950000 - 0x00007ff96f965000 	C:\Program Files\Java\jdk-14.0.2\bin\VCRUNTIME140.dll
0x00007ff96e8b0000 - 0x00007ff96e8c8000 	C:\Program Files\Java\jdk-14.0.2\bin\jli.dll
0x00007ff985b40000 - 0x00007ff985be3000 	C:\Windows\System32\ADVAPI32.dll
0x00007ff986930000 - 0x00007ff9869ce000 	C:\Windows\System32\msvcrt.dll
0x00007ff985590000 - 0x00007ff98562e000 	C:\Windows\System32\sechost.dll
0x00007ff985990000 - 0x00007ff985ab2000 	C:\Windows\System32\RPCRT4.dll
0x00007ff9857f0000 - 0x00007ff985987000 	C:\Windows\System32\USER32.dll
0x00007ff984af0000 - 0x00007ff984b10000 	C:\Windows\System32\win32u.dll
0x00007ff986300000 - 0x00007ff986329000 	C:\Windows\System32\GDI32.dll
0x00007ff984420000 - 0x00007ff9845ba000 	C:\Windows\System32\gdi32full.dll
0x00007ff9845c0000 - 0x00007ff984660000 	C:\Windows\System32\msvcp_win.dll
0x00007ff983880000 - 0x00007ff983af9000 	C:\Windows\WinSxS\amd64_microsoft.windows.common-controls_6595b64144ccf1df_6.0.17763.1282_none_de75b6f253473c0f\COMCTL32.dll
0x00007ff986440000 - 0x00007ff98676c000 	C:\Windows\System32\combase.dll
0x00007ff983b30000 - 0x00007ff983b3a000 	C:\Windows\SYSTEM32\VERSION.dll
0x00007ff984a70000 - 0x00007ff984aee000 	C:\Windows\System32\bcryptPrimitives.dll
0x00007ff9868e0000 - 0x00007ff98690e000 	C:\Windows\System32\IMM32.DLL
0x00007ff960750000 - 0x00007ff9607eb000 	C:\Program Files\Java\jdk-14.0.2\bin\msvcp140.dll
0x00007ff92dde0000 - 0x00007ff92e8fe000 	C:\Program Files\Java\jdk-14.0.2\bin\server\jvm.dll
0x00007ff985470000 - 0x00007ff985478000 	C:\Windows\System32\PSAPI.DLL
0x00007ff979bf0000 - 0x00007ff979bf9000 	C:\Windows\SYSTEM32\WSOCK32.dll
0x00007ff986290000 - 0x00007ff9862fd000 	C:\Windows\System32\WS2_32.dll
0x00007ff96e440000 - 0x00007ff96e464000 	C:\Windows\SYSTEM32\WINMM.dll
0x00007ff96e410000 - 0x00007ff96e43d000 	C:\Windows\SYSTEM32\WINMMBASE.dll
0x00007ff984900000 - 0x00007ff98494a000 	C:\Windows\System32\cfgmgr32.dll
0x00007ff984290000 - 0x00007ff9842a1000 	C:\Windows\System32\kernel.appcore.dll
0x00007ff97ebf0000 - 0x00007ff97ebfa000 	C:\Program Files\Java\jdk-14.0.2\bin\jimage.dll
0x00007ff97f5c0000 - 0x00007ff97f7ad000 	C:\Windows\SYSTEM32\DBGHELP.DLL
0x00007ff97a690000 - 0x00007ff97a6ba000 	C:\Windows\SYSTEM32\dbgcore.DLL
0x00007ff979030000 - 0x00007ff979055000 	C:\Program Files\Java\jdk-14.0.2\bin\java.dll
0x00007ff97ea90000 - 0x00007ff97eaa6000 	C:\Program Files\Java\jdk-14.0.2\bin\zip.dll
0x00007ff986ab0000 - 0x00007ff987fa8000 	C:\Windows\System32\SHELL32.dll
0x00007ff986330000 - 0x00007ff9863d8000 	C:\Windows\System32\shcore.dll
0x00007ff984d20000 - 0x00007ff98546f000 	C:\Windows\System32\windows.storage.dll
0x00007ff984260000 - 0x00007ff984284000 	C:\Windows\System32\profapi.dll
0x00007ff9842b0000 - 0x00007ff98430d000 	C:\Windows\System32\powrprof.dll
0x00007ff985790000 - 0x00007ff9857e2000 	C:\Windows\System32\shlwapi.dll
0x00007ff984950000 - 0x00007ff984967000 	C:\Windows\System32\cryptsp.dll
0x00007ff979dd0000 - 0x00007ff979de9000 	C:\Program Files\Java\jdk-14.0.2\bin\net.dll
0x00007ff97bb90000 - 0x00007ff97bc82000 	C:\Windows\SYSTEM32\WINHTTP.dll
0x00007ff983670000 - 0x00007ff9836d7000 	C:\Windows\system32\mswsock.dll
0x00007ff979980000 - 0x00007ff979992000 	C:\Program Files\Java\jdk-14.0.2\bin\nio.dll
0x00007ff9833d0000 - 0x00007ff983497000 	C:\Windows\SYSTEM32\DNSAPI.dll
0x00007ff9869d0000 - 0x00007ff9869d8000 	C:\Windows\System32\NSI.dll
0x00007ff983370000 - 0x00007ff9833ad000 	C:\Windows\SYSTEM32\IPHLPAPI.DLL
0x00007ff978e90000 - 0x00007ff978e9a000 	C:\Windows\System32\rasadhlp.dll
0x00007ff97c310000 - 0x00007ff97c389000 	C:\Windows\System32\fwpuclnt.dll
0x00007ff984b10000 - 0x00007ff984b36000 	C:\Windows\System32\bcrypt.dll
0x00007ff97eb50000 - 0x00007ff97eb60000 	C:\Program Files\Java\jdk-14.0.2\bin\verify.dll
0x00007ff97c560000 - 0x00007ff97c569000 	C:\Program Files\Java\jdk-14.0.2\bin\management.dll
0x00007ff97b910000 - 0x00007ff97b91b000 	C:\Program Files\Java\jdk-14.0.2\bin\management_ext.dll
0x00007ff97c550000 - 0x00007ff97c55e000 	C:\Program Files\Java\jdk-14.0.2\bin\sunmscapi.dll
0x00007ff984b40000 - 0x00007ff984d1c000 	C:\Windows\System32\CRYPT32.dll
0x00007ff984240000 - 0x00007ff984252000 	C:\Windows\System32\MSASN1.dll
0x00007ff983d70000 - 0x00007ff983d96000 	C:\Windows\SYSTEM32\ncrypt.dll
0x00007ff983d30000 - 0x00007ff983d6c000 	C:\Windows\SYSTEM32\NTASN1.dll
0x00007ff96e8f0000 - 0x00007ff96e915000 	C:\Program Files\Java\jdk-14.0.2\bin\sunec.dll
0x00007ff983170000 - 0x00007ff9831a3000 	C:\Windows\system32\rsaenh.dll
0x00007ff984170000 - 0x00007ff984198000 	C:\Windows\SYSTEM32\USERENV.dll
0x00007ff983840000 - 0x00007ff98384c000 	C:\Windows\SYSTEM32\CRYPTBASE.dll
0x00007ff97c070000 - 0x00007ff97c086000 	C:\Windows\SYSTEM32\dhcpcsvc6.DLL
0x00007ff97c050000 - 0x00007ff97c06c000 	C:\Windows\SYSTEM32\dhcpcsvc.DLL
0x00007ff974310000 - 0x00007ff974326000 	C:\Windows\system32\napinsp.dll
0x00007ff974330000 - 0x00007ff97434a000 	C:\Windows\system32\pnrpnsp.dll
0x00007ff974180000 - 0x00007ff97418e000 	C:\Windows\System32\winrnr.dll
0x00007ff97a7d0000 - 0x00007ff97a7eb000 	C:\Windows\system32\NLAapi.dll
0x00007ff97a4c0000 - 0x00007ff97a4d5000 	C:\Windows\system32\wshbth.dll

dbghelp: loaded successfully - version: 4.0.5 - missing functions: none
symbol engine: initialized successfully - sym options: 0x614 - pdb path: .;C:\Program Files\Java\jdk-14.0.2\bin;C:\Windows\SYSTEM32;C:\Windows\WinSxS\amd64_microsoft.windows.common-controls_6595b64144ccf1df_6.0.17763.1282_none_de75b6f253473c0f;C:\Program Files\Java\jdk-14.0.2\bin\server

VM Arguments:
jvm_args: -Dfile.encoding=Cp1252 
java_command: Css
java_class_path (initial): C:\Users\759602\source\repos\SeleniumIntroduction\bin;C:\Users\759602\Downloads\selenium-java-4.0.0-alpha-6\selenium-api-4.0.0-alpha-6.jar;C:\Users\759602\Downloads\selenium-java-4.0.0-alpha-6\selenium-api-4.0.0-alpha-6-sources.jar;C:\Users\759602\Downloads\selenium-java-4.0.0-alpha-6\selenium-chrome-driver-4.0.0-alpha-6.jar;C:\Users\759602\Downloads\selenium-java-4.0.0-alpha-6\selenium-chrome-driver-4.0.0-alpha-6-sources.jar;C:\Users\759602\Downloads\selenium-java-4.0.0-alpha-6\selenium-chromium-driver-4.0.0-alpha-6.jar;C:\Users\759602\Downloads\selenium-java-4.0.0-alpha-6\selenium-chromium-driver-4.0.0-alpha-6-sources.jar;C:\Users\759602\Downloads\selenium-java-4.0.0-alpha-6\selenium-devtools-4.0.0-alpha-6.jar;C:\Users\759602\Downloads\selenium-java-4.0.0-alpha-6\selenium-devtools-4.0.0-alpha-6-sources.jar;C:\Users\759602\Downloads\selenium-java-4.0.0-alpha-6\selenium-edge-driver-4.0.0-alpha-6.jar;C:\Users\759602\Downloads\selenium-java-4.0.0-alpha-6\selenium-edge-driver-4.0.0-alpha-6-sources.jar;C:\Users\759602\Downloads\selenium-java-4.0.0-alpha-6\selenium-edgehtml-driver-4.0.0-alpha-6.jar;C:\Users\759602\Downloads\selenium-java-4.0.0-alpha-6\selenium-edgehtml-driver-4.0.0-alpha-6-sources.jar;C:\Users\759602\Downloads\selenium-java-4.0.0-alpha-6\selenium-firefox-driver-4.0.0-alpha-6.jar;C:\Users\759602\Downloads\selenium-java-4.0.0-alpha-6\selenium-firefox-driver-4.0.0-alpha-6-sources.jar;C:\Users\759602\Downloads\selenium-java-4.0.0-alpha-6\selenium-firefox-xpi-driver-4.0.0-alpha-6.jar;C:\Users\759602\Downloads\selenium-java-4.0.0-alpha-6\selenium-firefox-xpi-driver-4.0.0-alpha-6-sources.jar;C:\Users\759602\Downloads\selenium-java-4.0.0-alpha-6\selenium-http-4.0.0-alpha-6.jar;C:\Users\759602\Downloads\selenium-java-4.0.0-alpha-6\selenium-http-4.0.0-alpha-6-sources.jar;C:\Users\759602\Downloads\selenium-java-4.0.0-alpha-6\selenium-ie-driver-4.0.0-alpha-6.jar;C:\Users\759602\Downloads\selenium-java-4.0.0-alpha-6\selenium-ie-driver-4.0
Launcher Type: SUN_STANDARD

[Global flags]
     intx CICompilerCount                          = 3                                         {product} {ergonomic}
     uint ConcGCThreads                            = 1                                         {product} {ergonomic}
     uint G1ConcRefinementThreads                  = 4                                         {product} {ergonomic}
   size_t G1HeapRegionSize                         = 1048576                                   {product} {ergonomic}
    uintx GCDrainStackTargetSize                   = 64                                        {product} {ergonomic}
   size_t InitialHeapSize                          = 268435456                                 {product} {ergonomic}
   size_t MarkStackSize                            = 4194304                                   {product} {ergonomic}
   size_t MaxHeapSize                              = 4263510016                                {product} {ergonomic}
   size_t MaxNewSize                               = 2557476864                                {product} {ergonomic}
   size_t MinHeapDeltaBytes                        = 1048576                                   {product} {ergonomic}
   size_t MinHeapSize                              = 8388608                                   {product} {ergonomic}
    uintx NonNMethodCodeHeapSize                   = 5832780                                {pd product} {ergonomic}
    uintx NonProfiledCodeHeapSize                  = 122912730                              {pd product} {ergonomic}
    uintx ProfiledCodeHeapSize                     = 122912730                              {pd product} {ergonomic}
    uintx ReservedCodeCacheSize                    = 251658240                              {pd product} {ergonomic}
     bool SegmentedCodeCache                       = true                                      {product} {ergonomic}
   size_t SoftMaxHeapSize                          = 4263510016                             {manageable} {ergonomic}
     bool UseCompressedClassPointers               = true                                 {lp64_product} {ergonomic}
     bool UseCompressedOops                        = true                                 {lp64_product} {ergonomic}
     bool UseG1GC                                  = true                                      {product} {ergonomic}
     bool UseLargePagesIndividualAllocation        = false                                  {pd product} {ergonomic}

Logging:
Log output configuration:
 #0: stdout all=warning uptime,level,tags
 #1: stderr all=off uptime,level,tags

Environment Variables:
JAVA_HOME=C:\Program Files\Java\jdk-14.0.2\
PATH=C:/Program Files/Java/jdk-14.0.2/bin/server;C:/Program Files/Java/jdk-14.0.2/bin;C:\Windows\system32;C:\Windows;C:\Windows\System32\Wbem;C:\Windows\System32\WindowsPowerShell\v1.0\;C:\Windows\System32\OpenSSH\;C:\Program Files (x86)\Webex\Plugins;C:\Program Files\dotnet\;C:\Program Files\Microsoft SQL Server\130\Tools\Binn\;C:\Program Files\Microsoft SQL Server\Client SDK\ODBC\170\Tools\Binn\;C:\Program Files\Git\cmd;C:\Program Files\nodejs\;C:\Program Files (x86)\Yarn\bin\;C:\Go\bin;C:\Program Files (x86)\Sennheiser\SoftphoneSDK\;C:\Program Files\Java\jdk-14.0.2\bin;C:\Users\759602\AppData\Local\Microsoft\WindowsApps;C:\Users\759602\AppData\Roaming\npm;C:\Users\759602\AppData\Local\Yarn\bin;C:\Users\759602\go\bin;C:\Users\759602\Downloads\apache-maven-3.6.3-bin\apache-maven-3.6.3\bin;C:\Users\759602\batch_files;;C:\Windows\system32;
USERNAME=759602
OS=Windows_NT
PROCESSOR_IDENTIFIER=Intel64 Family 6 Model 78 Stepping 3, GenuineIntel



---------------  S Y S T E M  ---------------

OS: Windows 10 , 64 bit Build 17763 (10.0.17763.1158)
OS uptime: 51 days 23:39 hours

CPU:total 4 (initial active 4) (2 cores per cpu, 2 threads per core) family 6 model 78 stepping 3, cmov, cx8, fxsr, mmx, sse, sse2, sse3, ssse3, sse4.1, sse4.2, popcnt, avx, avx2, aes, clmul, erms, rtm, 3dnowpref, lzcnt, ht, tsc, tscinvbit, bmi1, bmi2, adx, fma

Memory: 4k page, system-wide physical 16263M (3961M free)
TotalPageFile size 40939M (AvailPageFile size 7M)
current process WorkingSet (physical memory assigned to process): 155M, peak: 155M
current process commit charge ("private bytes"): 387M, peak: 403M

vm_info: Java HotSpot(TM) 64-Bit Server VM (14.0.2+12-46) for windows-amd64 JRE (14.0.2+12-46), built on Jul  9 2020 00:35:52 by "mach5one" with MS VC++ 15.9 (VS2017)

END.
