#
# There is insufficient memory for the Java Runtime Environment to continue.
# Native memory allocation (mmap) failed to map 268435456 bytes for Failed to commit area from 0x0000000701e00000 to 0x0000000711e00000 of length 268435456.
# Possible reasons:
#   The system is out of physical RAM or swap space
#   The process is running with CompressedOops enabled, and the Java Heap may be blocking the growth of the native heap
# Possible solutions:
#   Reduce memory load on the system
#   Increase physical memory or swap space
#   Check if swap backing store is full
#   Decrease Java heap size (-Xmx/-Xms)
#   Decrease number of Java threads
#   Decrease Java thread stack sizes (-Xss)
#   Set larger code cache with -XX:ReservedCodeCacheSize=
#   JVM is running with Zero Based Compressed Oops mode in which the Java heap is
#     placed in the first 32GB address space. The Java Heap base address is the
#     maximum limit for the native heap growth. Please use -XX:HeapBaseMinAddress
#     to set the Java Heap base and to place the Java Heap above 32GB virtual address.
# This output file may be truncated or incomplete.
#
#  Out of Memory Error (./open/src/hotspot/os/windows/os_windows.cpp:3315), pid=27728, tid=89980
#
# JRE version:  (14.0.2+12) (build )
# Java VM: Java HotSpot(TM) 64-Bit Server VM (14.0.2+12-46, mixed mode, sharing, tiered, compressed oops, g1 gc, windows-amd64)
# No core dump will be written. Minidumps are not enabled by default on client versions of Windows
#

---------------  S U M M A R Y ------------

Command Line: -Dfile.encoding=Cp1252 Css

Host: Intel(R) Core(TM) i7-6600U CPU @ 2.60GHz, 4 cores, 15G,  Windows 10 , 64 bit Build 17763 (10.0.17763.1158)
Time: Thu Oct  8 11:55:50 2020 Central Daylight Time elapsed time: 0 seconds (0d 0h 0m 0s)

---------------  T H R E A D  ---------------

Current thread (0x0000024f6bd98800):  JavaThread "Unknown thread" [_thread_in_vm, id=89980, stack(0x000000f711e00000,0x000000f711f00000)]

Stack: [0x000000f711e00000,0x000000f711f00000]
Native frames: (J=compiled Java code, j=interpreted, Vv=VM code, C=native code)
V  [jvm.dll+0x5f8a9a]
V  [jvm.dll+0x74247a]
V  [jvm.dll+0x743c2f]
V  [jvm.dll+0x744273]
V  [jvm.dll+0x20d288]
V  [jvm.dll+0x5f5dea]
V  [jvm.dll+0x5eac45]
V  [jvm.dll+0x2c7e9c]
V  [jvm.dll+0x2c7cd2]
V  [jvm.dll+0x2cdbbc]
V  [jvm.dll+0x313fe8]
V  [jvm.dll+0x313710]
V  [jvm.dll+0x2a092a]
V  [jvm.dll+0x2a1a79]
V  [jvm.dll+0x71fd48]
V  [jvm.dll+0x321c14]
V  [jvm.dll+0x70112c]
V  [jvm.dll+0x392def]
V  [jvm.dll+0x394e61]
C  [jli.dll+0x524b]
C  [ucrtbase.dll+0x21ffa]
C  [KERNEL32.DLL+0x17974]
C  [ntdll.dll+0x6a271]


---------------  P R O C E S S  ---------------

Threads class SMR info:
_java_thread_list=0x00007ff92e863038, length=0, elements={
}

Java Threads: ( => current thread )

Other Threads:
  0x0000024f6bdfd000 GCTaskThread "GC Thread#0" [stack: 0x000000f711f00000,0x000000f712000000] [id=12024]
  0x0000024f6be1f800 ConcurrentGCThread "G1 Main Marker" [stack: 0x000000f712000000,0x000000f712100000] [id=38552]
  0x0000024f6be21800 ConcurrentGCThread "G1 Conc#0" [stack: 0x000000f712100000,0x000000f712200000] [id=85624]

[error occurred during error reporting (printing all threads), id 0xc0000005, EXCEPTION_ACCESS_VIOLATION (0xc0000005) at pc=0x00007ff92e091257]

VM state:not at safepoint (not fully initialized)

VM Mutex/Monitor currently owned by a thread:  ([mutex/lock_event])
[0x0000024f6bd94680] Heap_lock - owner thread: 0x0000024f6bd98800

Heap address: 0x0000000701e00000, size: 4066 MB, Compressed Oops mode: Zero based, Oop shift amount: 3
Narrow klass base: 0x0000000000000000, Narrow klass shift: 0

GC Heap History (0 events):
No events

Deoptimization events (0 events):
No events

Classes unloaded (0 events):
No events

Classes redefined (0 events):
No events

Internal exceptions (0 events):
No events

Events (2 events):
Event: 0.018 Loaded shared library C:\Program Files\Java\jdk-14.0.2\bin\java.dll
Event: 0.019 Loaded shared library C:\Program Files\Java\jdk-14.0.2\bin\zip.dll


Dynamic libraries:
0x00007ff6c4f80000 - 0x00007ff6c4f8f000 	C:\Program Files\Java\jdk-14.0.2\bin\javaw.exe
0x00007ff988250000 - 0x00007ff98843d000 	C:\Windows\SYSTEM32\ntdll.dll
0x00007ff987fb0000 - 0x00007ff988063000 	C:\Windows\System32\KERNEL32.DLL
0x00007ff984660000 - 0x00007ff9848f5000 	C:\Windows\System32\KERNELBASE.dll
0x00007ff984970000 - 0x00007ff984a6a000 	C:\Windows\System32\ucrtbase.dll
0x00007ff96f950000 - 0x00007ff96f965000 	C:\Program Files\Java\jdk-14.0.2\bin\VCRUNTIME140.dll
0x00007ff96e8b0000 - 0x00007ff96e8c8000 	C:\Program Files\Java\jdk-14.0.2\bin\jli.dll
0x00007ff985b40000 - 0x00007ff985be3000 	C:\Windows\System32\ADVAPI32.dll
0x00007ff986930000 - 0x00007ff9869ce000 	C:\Windows\System32\msvcrt.dll
0x00007ff985590000 - 0x00007ff98562e000 	C:\Windows\System32\sechost.dll
0x00007ff985990000 - 0x00007ff985ab2000 	C:\Windows\System32\RPCRT4.dll
0x00007ff9857f0000 - 0x00007ff985987000 	C:\Windows\System32\USER32.dll
0x00007ff984af0000 - 0x00007ff984b10000 	C:\Windows\System32\win32u.dll
0x00007ff986300000 - 0x00007ff986329000 	C:\Windows\System32\GDI32.dll
0x00007ff984420000 - 0x00007ff9845ba000 	C:\Windows\System32\gdi32full.dll
0x00007ff9845c0000 - 0x00007ff984660000 	C:\Windows\System32\msvcp_win.dll
0x00007ff983880000 - 0x00007ff983af9000 	C:\Windows\WinSxS\amd64_microsoft.windows.common-controls_6595b64144ccf1df_6.0.17763.1282_none_de75b6f253473c0f\COMCTL32.dll
0x00007ff986440000 - 0x00007ff98676c000 	C:\Windows\System32\combase.dll
0x00007ff984a70000 - 0x00007ff984aee000 	C:\Windows\System32\bcryptPrimitives.dll
0x00007ff983b30000 - 0x00007ff983b3a000 	C:\Windows\SYSTEM32\VERSION.dll
0x00007ff9868e0000 - 0x00007ff98690e000 	C:\Windows\System32\IMM32.DLL
0x00007ff960750000 - 0x00007ff9607eb000 	C:\Program Files\Java\jdk-14.0.2\bin\msvcp140.dll
0x00007ff92dde0000 - 0x00007ff92e8fe000 	C:\Program Files\Java\jdk-14.0.2\bin\server\jvm.dll
0x00007ff985470000 - 0x00007ff985478000 	C:\Windows\System32\PSAPI.DLL
0x00007ff96e440000 - 0x00007ff96e464000 	C:\Windows\SYSTEM32\WINMM.dll
0x00007ff979bf0000 - 0x00007ff979bf9000 	C:\Windows\SYSTEM32\WSOCK32.dll
0x00007ff986290000 - 0x00007ff9862fd000 	C:\Windows\System32\WS2_32.dll
0x00007ff96e410000 - 0x00007ff96e43d000 	C:\Windows\SYSTEM32\WINMMBASE.dll
0x00007ff984900000 - 0x00007ff98494a000 	C:\Windows\System32\cfgmgr32.dll
0x00007ff984290000 - 0x00007ff9842a1000 	C:\Windows\System32\kernel.appcore.dll
0x00007ff97ebf0000 - 0x00007ff97ebfa000 	C:\Program Files\Java\jdk-14.0.2\bin\jimage.dll
0x00007ff97f5c0000 - 0x00007ff97f7ad000 	C:\Windows\SYSTEM32\DBGHELP.DLL
0x00007ff97a690000 - 0x00007ff97a6ba000 	C:\Windows\SYSTEM32\dbgcore.DLL
0x00007ff979030000 - 0x00007ff979055000 	C:\Program Files\Java\jdk-14.0.2\bin\java.dll
0x00007ff97ea90000 - 0x00007ff97eaa6000 	C:\Program Files\Java\jdk-14.0.2\bin\zip.dll

dbghelp: loaded successfully - version: 4.0.5 - missing functions: none
symbol engine: initialized successfully - sym options: 0x614 - pdb path: .;C:\Program Files\Java\jdk-14.0.2\bin;C:\Windows\SYSTEM32;C:\Windows\WinSxS\amd64_microsoft.windows.common-controls_6595b64144ccf1df_6.0.17763.1282_none_de75b6f253473c0f;C:\Program Files\Java\jdk-14.0.2\bin\server

VM Arguments:
jvm_args: -Dfile.encoding=Cp1252 
java_command: Css
java_class_path (initial): C:\Users\759602\source\repos\SeleniumIntroduction\bin;C:\Users\759602\Downloads\selenium-java-4.0.0-alpha-6\selenium-api-4.0.0-alpha-6.jar;C:\Users\759602\Downloads\selenium-java-4.0.0-alpha-6\selenium-api-4.0.0-alpha-6-sources.jar;C:\Users\759602\Downloads\selenium-java-4.0.0-alpha-6\selenium-chrome-driver-4.0.0-alpha-6.jar;C:\Users\759602\Downloads\selenium-java-4.0.0-alpha-6\selenium-chrome-driver-4.0.0-alpha-6-sources.jar;C:\Users\759602\Downloads\selenium-java-4.0.0-alpha-6\selenium-chromium-driver-4.0.0-alpha-6.jar;C:\Users\759602\Downloads\selenium-java-4.0.0-alpha-6\selenium-chromium-driver-4.0.0-alpha-6-sources.jar;C:\Users\759602\Downloads\selenium-java-4.0.0-alpha-6\selenium-devtools-4.0.0-alpha-6.jar;C:\Users\759602\Downloads\selenium-java-4.0.0-alpha-6\selenium-devtools-4.0.0-alpha-6-sources.jar;C:\Users\759602\Downloads\selenium-java-4.0.0-alpha-6\selenium-edge-driver-4.0.0-alpha-6.jar;C:\Users\759602\Downloads\selenium-java-4.0.0-alpha-6\selenium-edge-driver-4.0.0-alpha-6-sources.jar;C:\Users\759602\Downloads\selenium-java-4.0.0-alpha-6\selenium-edgehtml-driver-4.0.0-alpha-6.jar;C:\Users\759602\Downloads\selenium-java-4.0.0-alpha-6\selenium-edgehtml-driver-4.0.0-alpha-6-sources.jar;C:\Users\759602\Downloads\selenium-java-4.0.0-alpha-6\selenium-firefox-driver-4.0.0-alpha-6.jar;C:\Users\759602\Downloads\selenium-java-4.0.0-alpha-6\selenium-firefox-driver-4.0.0-alpha-6-sources.jar;C:\Users\759602\Downloads\selenium-java-4.0.0-alpha-6\selenium-firefox-xpi-driver-4.0.0-alpha-6.jar;C:\Users\759602\Downloads\selenium-java-4.0.0-alpha-6\selenium-firefox-xpi-driver-4.0.0-alpha-6-sources.jar;C:\Users\759602\Downloads\selenium-java-4.0.0-alpha-6\selenium-http-4.0.0-alpha-6.jar;C:\Users\759602\Downloads\selenium-java-4.0.0-alpha-6\selenium-http-4.0.0-alpha-6-sources.jar;C:\Users\759602\Downloads\selenium-java-4.0.0-alpha-6\selenium-ie-driver-4.0.0-alpha-6.jar;C:\Users\759602\Downloads\selenium-java-4.0.0-alpha-6\selenium-ie-driver-4.0
Launcher Type: SUN_STANDARD

[Global flags]
     intx CICompilerCount                          = 3                                         {product} {ergonomic}
     uint ConcGCThreads                            = 1                                         {product} {ergonomic}
     uint G1ConcRefinementThreads                  = 4                                         {product} {ergonomic}
   size_t G1HeapRegionSize                         = 1048576                                   {product} {ergonomic}
    uintx GCDrainStackTargetSize                   = 64                                        {product} {ergonomic}
   size_t InitialHeapSize                          = 268435456                                 {product} {ergonomic}
   size_t MarkStackSize                            = 4194304                                   {product} {ergonomic}
   size_t MaxHeapSize                              = 4263510016                                {product} {ergonomic}
   size_t MinHeapDeltaBytes                        = 1048576                                   {product} {ergonomic}
   size_t MinHeapSize                              = 8388608                                   {product} {ergonomic}
    uintx NonNMethodCodeHeapSize                   = 5832780                                {pd product} {ergonomic}
    uintx NonProfiledCodeHeapSize                  = 122912730                              {pd product} {ergonomic}
    uintx ProfiledCodeHeapSize                     = 122912730                              {pd product} {ergonomic}
    uintx ReservedCodeCacheSize                    = 251658240                              {pd product} {ergonomic}
     bool SegmentedCodeCache                       = true                                      {product} {ergonomic}
   size_t SoftMaxHeapSize                          = 4263510016                             {manageable} {ergonomic}
     bool UseCompressedClassPointers               = true                                 {lp64_product} {ergonomic}
     bool UseCompressedOops                        = true                                 {lp64_product} {ergonomic}
     bool UseG1GC                                  = true                                      {product} {ergonomic}
     bool UseLargePagesIndividualAllocation        = false                                  {pd product} {ergonomic}

Logging:
Log output configuration:
 #0: stdout all=warning uptime,level,tags
 #1: stderr all=off uptime,level,tags

Environment Variables:
JAVA_HOME=C:\Program Files\Java\jdk-14.0.2\
PATH=C:/Program Files/Java/jdk-14.0.2/bin/server;C:/Program Files/Java/jdk-14.0.2/bin;C:\Windows\system32;C:\Windows;C:\Windows\System32\Wbem;C:\Windows\System32\WindowsPowerShell\v1.0\;C:\Windows\System32\OpenSSH\;C:\Program Files (x86)\Webex\Plugins;C:\Program Files\dotnet\;C:\Program Files\Microsoft SQL Server\130\Tools\Binn\;C:\Program Files\Microsoft SQL Server\Client SDK\ODBC\170\Tools\Binn\;C:\Program Files\Git\cmd;C:\Program Files\nodejs\;C:\Program Files (x86)\Yarn\bin\;C:\Go\bin;C:\Program Files (x86)\Sennheiser\SoftphoneSDK\;C:\Program Files\Java\jdk-14.0.2\bin;C:\Users\759602\AppData\Local\Microsoft\WindowsApps;C:\Users\759602\AppData\Roaming\npm;C:\Users\759602\AppData\Local\Yarn\bin;C:\Users\759602\go\bin;C:\Users\759602\Downloads\apache-maven-3.6.3-bin\apache-maven-3.6.3\bin;C:\Users\759602\batch_files;;C:\Windows\system32;
USERNAME=759602
OS=Windows_NT
PROCESSOR_IDENTIFIER=Intel64 Family 6 Model 78 Stepping 3, GenuineIntel



---------------  S Y S T E M  ---------------

OS: Windows 10 , 64 bit Build 17763 (10.0.17763.1158)
OS uptime: 51 days 23:41 hours

CPU:total 4 (initial active 4) (2 cores per cpu, 2 threads per core) family 6 model 78 stepping 3, cmov, cx8, fxsr, mmx, sse, sse2, sse3, ssse3, sse4.1, sse4.2, popcnt, avx, avx2, aes, clmul, erms, rtm, 3dnowpref, lzcnt, ht, tsc, tscinvbit, bmi1, bmi2, adx, fma

Memory: 4k page, system-wide physical 16263M (4069M free)
TotalPageFile size 40939M (AvailPageFile size 188M)
current process WorkingSet (physical memory assigned to process): 10M, peak: 10M
current process commit charge ("private bytes"): 52M, peak: 308M

vm_info: Java HotSpot(TM) 64-Bit Server VM (14.0.2+12-46) for windows-amd64 JRE (14.0.2+12-46), built on Jul  9 2020 00:35:52 by "mach5one" with MS VC++ 15.9 (VS2017)

END.
